# JRE version: OpenJDK Runtime Environment Temurin-21.0.3+9 (21.0.3+9) (build 21.0.3+9-LTS)
# Java VM: OpenJDK 64-Bit Server VM Temurin-21.0.3+9 (21.0.3+9-LTS, mixed mode, emulated-client, tiered, compressed oops, compressed class ptrs, g1 gc, windows-amd64)
GC Precious Log:
 CardTable entry size: 512
 Card Set container configuration: InlinePtr #cards 5 size 8 Array Of Cards #cards 12 size 40 Howl #buckets 4 coarsen threshold 1843 Howl Bitmap #cards 512 size 80 coarsen threshold 460 Card regions per heap region 1 cards per card region 2048
 CPUs: 12 total, 12 available
 Memory: 7539M
 Large Page Support: Disabled
 NUMA Support: Disabled
 Compressed Oops: Enabled (32-bit)
 Heap Region Size: 1M
 Heap Min Capacity: 8M
 Heap Initial Capacity: 118M
 Heap Max Capacity: 1886M
 Pre-touch: Disabled
 Parallel Workers: 10
 Concurrent Workers: 3
 Concurrent Refinement Workers: 10
 Periodic GC: Disabled
Heap:
 garbage-first heap   total 119808K, used 73202K [0x000000008a200000, 0x0000000100000000)
  region size 1024K, 32 young (32768K), 9 survivors (9216K)
 Metaspace       used 88641K, committed 89600K, reserved 1179648K
  class space    used 11449K, committed 11904K, reserved 1048576K
GC Heap History (20 events):
Event: 227.032 GC heap before
{Heap before GC invocations=46 (full 9):
 garbage-first heap   total 119808K, used 104977K [0x000000008a200000, 0x0000000100000000)
  region size 1024K, 63 young (64512K), 0 survivors (0K)
 Metaspace       used 87234K, committed 88064K, reserved 1179648K
  class space    used 11298K, committed 11648K, reserved 1048576K
}
Event: 227.035 GC heap after
{Heap after GC invocations=47 (full 9):
 garbage-first heap   total 119808K, used 43513K [0x000000008a200000, 0x0000000100000000)
  region size 1024K, 4 young (4096K), 4 survivors (4096K)
 Metaspace       used 87234K, committed 88064K, reserved 1179648K
  class space    used 11298K, committed 11648K, reserved 1048576K
}
Event: 259.058 GC heap before
{Heap before GC invocations=47 (full 9):
 garbage-first heap   total 119808K, used 87545K [0x000000008a200000, 0x0000000100000000)
  region size 1024K, 48 young (49152K), 4 survivors (4096K)
 Metaspace       used 87471K, committed 88320K, reserved 1179648K
  class space    used 11314K, committed 11712K, reserved 1048576K
}
Event: 259.101 GC heap after
{Heap after GC invocations=48 (full 10):
 garbage-first heap   total 119808K, used 39405K [0x000000008a200000, 0x0000000100000000)
  region size 1024K, 0 young (0K), 0 survivors (0K)
 Metaspace       used 87461K, committed 88320K, reserved 1179648K
  class space    used 11313K, committed 11712K, reserved 1048576K
}
Event: 259.627 GC heap before
{Heap before GC invocations=48 (full 10):
 garbage-first heap   total 119808K, used 94701K [0x000000008a200000, 0x0000000100000000)
  region size 1024K, 56 young (57344K), 0 survivors (0K)
 Metaspace       used 87506K, committed 88384K, reserved 1179648K
  class space    used 11323K, committed 11712K, reserved 1048576K
}
Event: 259.632 GC heap after
{Heap after GC invocations=49 (full 10):
 garbage-first heap   total 119808K, used 44233K [0x000000008a200000, 0x0000000100000000)
  region size 1024K, 5 young (5120K), 5 survivors (5120K)
 Metaspace       used 87506K, committed 88384K, reserved 1179648K
  class space    used 11323K, committed 11712K, reserved 1048576K
}
Event: 264.490 GC heap before
{Heap before GC invocations=50 (full 10):
 garbage-first heap   total 119808K, used 95433K [0x000000008a200000, 0x0000000100000000)
  region size 1024K, 54 young (55296K), 5 survivors (5120K)
 Metaspace       used 87645K, committed 88512K, reserved 1179648K
  class space    used 11315K, committed 11712K, reserved 1048576K
}
Event: 264.536 GC heap after
{Heap after GC invocations=51 (full 11):
 garbage-first heap   total 119808K, used 39027K [0x000000008a200000, 0x0000000100000000)
  region size 1024K, 0 young (0K), 0 survivors (0K)
 Metaspace       used 87642K, committed 88512K, reserved 1179648K
  class space    used 11315K, committed 11712K, reserved 1048576K
}
Event: 265.093 GC heap before
{Heap before GC invocations=51 (full 11):
 garbage-first heap   total 119808K, used 104563K [0x000000008a200000, 0x0000000100000000)
  region size 1024K, 63 young (64512K), 0 survivors (0K)
 Metaspace       used 87685K, committed 88512K, reserved 1179648K
  class space    used 11322K, committed 11712K, reserved 1048576K
}
Event: 265.097 GC heap after
{Heap after GC invocations=52 (full 11):
 garbage-first heap   total 119808K, used 43123K [0x000000008a200000, 0x0000000100000000)
  region size 1024K, 4 young (4096K), 4 survivors (4096K)
 Metaspace       used 87685K, committed 88512K, reserved 1179648K
  class space    used 11322K, committed 11712K, reserved 1048576K
}
Event: 272.846 GC heap before
{Heap before GC invocations=52 (full 11):
 garbage-first heap   total 119808K, used 86131K [0x000000008a200000, 0x0000000100000000)
  region size 1024K, 47 young (48128K), 4 survivors (4096K)
 Metaspace       used 87943K, committed 88768K, reserved 1179648K
  class space    used 11342K, committed 11712K, reserved 1048576K
}
Event: 272.891 GC heap after
{Heap after GC invocations=53 (full 12):
 garbage-first heap   total 119808K, used 39248K [0x000000008a200000, 0x0000000100000000)
  region size 1024K, 0 young (0K), 0 survivors (0K)
 Metaspace       used 87940K, committed 88768K, reserved 1179648K
  class space    used 11342K, committed 11712K, reserved 1048576K
}
Event: 273.384 GC heap before
{Heap before GC invocations=53 (full 12):
 garbage-first heap   total 119808K, used 95568K [0x000000008a200000, 0x0000000100000000)
  region size 1024K, 56 young (57344K), 0 survivors (0K)
 Metaspace       used 87982K, committed 88832K, reserved 1179648K
  class space    used 11348K, committed 11712K, reserved 1048576K
}
Event: 273.388 GC heap after
{Heap after GC invocations=54 (full 12):
 garbage-first heap   total 119808K, used 43957K [0x000000008a200000, 0x0000000100000000)
  region size 1024K, 5 young (5120K), 5 survivors (5120K)
 Metaspace       used 87982K, committed 88832K, reserved 1179648K
  class space    used 11348K, committed 11712K, reserved 1048576K
}
Event: 302.439 GC heap before
{Heap before GC invocations=54 (full 12):
 garbage-first heap   total 119808K, used 97205K [0x000000008a200000, 0x0000000100000000)
  region size 1024K, 56 young (57344K), 5 survivors (5120K)
 Metaspace       used 88240K, committed 89152K, reserved 1179648K
  class space    used 11369K, committed 11776K, reserved 1048576K
}
Event: 302.488 GC heap after
{Heap after GC invocations=55 (full 13):
 garbage-first heap   total 119808K, used 39418K [0x000000008a200000, 0x0000000100000000)
  region size 1024K, 0 young (0K), 0 survivors (0K)
 Metaspace       used 88236K, committed 89152K, reserved 1179648K
  class space    used 11369K, committed 11776K, reserved 1048576K
}
Event: 303.069 GC heap before
{Heap before GC invocations=55 (full 13):
 garbage-first heap   total 119808K, used 104954K [0x000000008a200000, 0x0000000100000000)
  region size 1024K, 63 young (64512K), 0 survivors (0K)
 Metaspace       used 88278K, committed 89152K, reserved 1179648K
  class space    used 11375K, committed 11776K, reserved 1048576K
}
Event: 303.072 GC heap after
{Heap after GC invocations=56 (full 13):
 garbage-first heap   total 119808K, used 43514K [0x000000008a200000, 0x0000000100000000)
  region size 1024K, 4 young (4096K), 4 survivors (4096K)
 Metaspace       used 88278K, committed 89152K, reserved 1179648K
  class space    used 11375K, committed 11776K, reserved 1048576K
}
Event: 310.303 GC heap before
{Heap before GC invocations=56 (full 13):
 garbage-first heap   total 119808K, used 105978K [0x000000008a200000, 0x0000000100000000)
  region size 1024K, 65 young (66560K), 4 survivors (4096K)
 Metaspace       used 88575K, committed 89472K, reserved 1179648K
  class space    used 11440K, committed 11840K, reserved 1048576K
}
Event: 310.311 GC heap after
{Heap after GC invocations=57 (full 13):
 garbage-first heap   total 119808K, used 48626K [0x000000008a200000, 0x0000000100000000)
  region size 1024K, 9 young (9216K), 9 survivors (9216K)
 Metaspace       used 88575K, committed 89472K, reserved 1179648K
  class space    used 11440K, committed 11840K, reserved 1048576K
}

