# JRE version: OpenJDK Runtime Environment Temurin-21.0.3+9 (21.0.3+9) (build 21.0.3+9-LTS)
# Java VM: OpenJDK 64-Bit Server VM Temurin-21.0.3+9 (21.0.3+9-LTS, mixed mode, emulated-client, tiered, compressed oops, compressed class ptrs, g1 gc, windows-amd64)
GC Precious Log:
 CardTable entry size: 512
 Card Set container configuration: InlinePtr #cards 5 size 8 Array Of Cards #cards 12 size 40 Howl #buckets 4 coarsen threshold 1843 Howl Bitmap #cards 512 size 80 coarsen threshold 460 Card regions per heap region 1 cards per card region 2048
 CPUs: 12 total, 12 available
 Memory: 7539M
 Large Page Support: Disabled
 NUMA Support: Disabled
 Compressed Oops: Enabled (32-bit)
 Heap Region Size: 1M
 Heap Min Capacity: 8M
 Heap Initial Capacity: 118M
 Heap Max Capacity: 1886M
 Pre-touch: Disabled
 Parallel Workers: 10
 Concurrent Workers: 3
 Concurrent Refinement Workers: 10
 Periodic GC: Disabled
Heap:
 garbage-first heap   total 137216K, used 61477K [0x000000008a200000, 0x0000000100000000)
  region size 1024K, 20 young (20480K), 5 survivors (5120K)
 Metaspace       used 93016K, committed 93824K, reserved 1179648K
  class space    used 12212K, committed 12608K, reserved 1048576K
GC Heap History (20 events):
Event: 7.326 GC heap before
{Heap before GC invocations=20 (full 0):
 garbage-first heap   total 113664K, used 46293K [0x000000008a200000, 0x0000000100000000)
  region size 1024K, 13 young (13312K), 6 survivors (6144K)
 Metaspace       used 72353K, committed 73024K, reserved 1114112K
  class space    used 9538K, committed 9856K, reserved 1048576K
}
Event: 7.330 GC heap after
{Heap after GC invocations=21 (full 0):
 garbage-first heap   total 113664K, used 41847K [0x000000008a200000, 0x0000000100000000)
  region size 1024K, 5 young (5120K), 5 survivors (5120K)
 Metaspace       used 72353K, committed 73024K, reserved 1114112K
  class space    used 9538K, committed 9856K, reserved 1048576K
}
Event: 7.789 GC heap before
{Heap before GC invocations=22 (full 0):
 garbage-first heap   total 113664K, used 102263K [0x000000008a200000, 0x0000000100000000)
  region size 1024K, 62 young (63488K), 5 survivors (5120K)
 Metaspace       used 76660K, committed 77440K, reserved 1179648K
  class space    used 9979K, committed 10368K, reserved 1048576K
}
Event: 7.793 GC heap after
{Heap after GC invocations=23 (full 0):
 garbage-first heap   total 137216K, used 44493K [0x000000008a200000, 0x0000000100000000)
  region size 1024K, 7 young (7168K), 7 survivors (7168K)
 Metaspace       used 76660K, committed 77440K, reserved 1179648K
  class space    used 9979K, committed 10368K, reserved 1048576K
}
Event: 8.457 GC heap before
{Heap before GC invocations=23 (full 0):
 garbage-first heap   total 137216K, used 119245K [0x000000008a200000, 0x0000000100000000)
  region size 1024K, 80 young (81920K), 7 survivors (7168K)
 Metaspace       used 81917K, committed 82688K, reserved 1179648K
  class space    used 10780K, committed 11136K, reserved 1048576K
}
Event: 8.464 GC heap after
{Heap after GC invocations=24 (full 0):
 garbage-first heap   total 137216K, used 46984K [0x000000008a200000, 0x0000000100000000)
  region size 1024K, 9 young (9216K), 9 survivors (9216K)
 Metaspace       used 81917K, committed 82688K, reserved 1179648K
  class space    used 10780K, committed 11136K, reserved 1048576K
}
Event: 56.873 GC heap before
{Heap before GC invocations=24 (full 0):
 garbage-first heap   total 137216K, used 117640K [0x000000008a200000, 0x0000000100000000)
  region size 1024K, 79 young (80896K), 9 survivors (9216K)
 Metaspace       used 88443K, committed 89280K, reserved 1179648K
  class space    used 11641K, committed 12032K, reserved 1048576K
}
Event: 56.882 GC heap after
{Heap after GC invocations=25 (full 0):
 garbage-first heap   total 137216K, used 48755K [0x000000008a200000, 0x0000000100000000)
  region size 1024K, 5 young (5120K), 5 survivors (5120K)
 Metaspace       used 88443K, committed 89280K, reserved 1179648K
  class space    used 11641K, committed 12032K, reserved 1048576K
}
Event: 147.420 GC heap before
{Heap before GC invocations=26 (full 0):
 garbage-first heap   total 137216K, used 80499K [0x000000008a200000, 0x0000000100000000)
  region size 1024K, 38 young (38912K), 5 survivors (5120K)
 Metaspace       used 91614K, committed 92480K, reserved 1179648K
  class space    used 12072K, committed 12480K, reserved 1048576K
}
Event: 147.472 GC heap after
{Heap after GC invocations=27 (full 1):
 garbage-first heap   total 137216K, used 43241K [0x000000008a200000, 0x0000000100000000)
  region size 1024K, 0 young (0K), 0 survivors (0K)
 Metaspace       used 91614K, committed 92480K, reserved 1179648K
  class space    used 12072K, committed 12480K, reserved 1048576K
}
Event: 148.135 GC heap before
{Heap before GC invocations=27 (full 1):
 garbage-first heap   total 137216K, used 100585K [0x000000008a200000, 0x0000000100000000)
  region size 1024K, 58 young (59392K), 0 survivors (0K)
 Metaspace       used 91689K, committed 92544K, reserved 1179648K
  class space    used 12084K, committed 12480K, reserved 1048576K
}
Event: 148.138 GC heap after
{Heap after GC invocations=28 (full 1):
 garbage-first heap   total 137216K, used 48024K [0x000000008a200000, 0x0000000100000000)
  region size 1024K, 5 young (5120K), 5 survivors (5120K)
 Metaspace       used 91689K, committed 92544K, reserved 1179648K
  class space    used 12084K, committed 12480K, reserved 1048576K
}
Event: 183.225 GC heap before
{Heap before GC invocations=29 (full 1):
 garbage-first heap   total 137216K, used 115485K [0x000000008a200000, 0x0000000100000000)
  region size 1024K, 70 young (71680K), 5 survivors (5120K)
 Metaspace       used 92396K, committed 93248K, reserved 1179648K
  class space    used 12143K, committed 12544K, reserved 1048576K
}
Event: 183.280 GC heap after
{Heap after GC invocations=30 (full 2):
 garbage-first heap   total 137216K, used 40779K [0x000000008a200000, 0x0000000100000000)
  region size 1024K, 0 young (0K), 0 survivors (0K)
 Metaspace       used 92364K, committed 93248K, reserved 1179648K
  class space    used 12137K, committed 12544K, reserved 1048576K
}
Event: 184.068 GC heap before
{Heap before GC invocations=30 (full 2):
 garbage-first heap   total 137216K, used 97099K [0x000000008a200000, 0x0000000100000000)
  region size 1024K, 57 young (58368K), 0 survivors (0K)
 Metaspace       used 92429K, committed 93248K, reserved 1179648K
  class space    used 12148K, committed 12544K, reserved 1048576K
}
Event: 184.071 GC heap after
{Heap after GC invocations=31 (full 2):
 garbage-first heap   total 137216K, used 45691K [0x000000008a200000, 0x0000000100000000)
  region size 1024K, 5 young (5120K), 5 survivors (5120K)
 Metaspace       used 92429K, committed 93248K, reserved 1179648K
  class space    used 12148K, committed 12544K, reserved 1048576K
}
Event: 190.022 GC heap before
{Heap before GC invocations=32 (full 2):
 garbage-first heap   total 137216K, used 103035K [0x000000008a200000, 0x0000000100000000)
  region size 1024K, 60 young (61440K), 5 survivors (5120K)
 Metaspace       used 92892K, committed 93696K, reserved 1179648K
  class space    used 12194K, committed 12544K, reserved 1048576K
}
Event: 190.063 GC heap after
{Heap after GC invocations=33 (full 3):
 garbage-first heap   total 137216K, used 40452K [0x000000008a200000, 0x0000000100000000)
  region size 1024K, 0 young (0K), 0 survivors (0K)
 Metaspace       used 92892K, committed 93696K, reserved 1179648K
  class space    used 12194K, committed 12544K, reserved 1048576K
}
Event: 190.585 GC heap before
{Heap before GC invocations=33 (full 3):
 garbage-first heap   total 137216K, used 96772K [0x000000008a200000, 0x0000000100000000)
  region size 1024K, 57 young (58368K), 0 survivors (0K)
 Metaspace       used 92953K, committed 93696K, reserved 1179648K
  class space    used 12204K, committed 12544K, reserved 1048576K
}
Event: 190.588 GC heap after
{Heap after GC invocations=34 (full 3):
 garbage-first heap   total 137216K, used 45093K [0x000000008a200000, 0x0000000100000000)
  region size 1024K, 5 young (5120K), 5 survivors (5120K)
 Metaspace       used 92953K, committed 93696K, reserved 1179648K
  class space    used 12204K, committed 12544K, reserved 1048576K
}

