# JRE version: OpenJDK Runtime Environment Temurin-21.0.3+9 (21.0.3+9) (build 21.0.3+9-LTS)
# Java VM: OpenJDK 64-Bit Server VM Temurin-21.0.3+9 (21.0.3+9-LTS, mixed mode, emulated-client, tiered, compressed oops, compressed class ptrs, g1 gc, windows-amd64)
GC Precious Log:
 CardTable entry size: 512
 Card Set container configuration: InlinePtr #cards 5 size 8 Array Of Cards #cards 12 size 40 Howl #buckets 4 coarsen threshold 1843 Howl Bitmap #cards 512 size 80 coarsen threshold 460 Card regions per heap region 1 cards per card region 2048
 CPUs: 12 total, 12 available
 Memory: 7539M
 Large Page Support: Disabled
 NUMA Support: Disabled
 Compressed Oops: Enabled (32-bit)
 Heap Region Size: 1M
 Heap Min Capacity: 8M
 Heap Initial Capacity: 118M
 Heap Max Capacity: 1886M
 Pre-touch: Disabled
 Parallel Workers: 10
 Concurrent Workers: 3
 Concurrent Refinement Workers: 10
 Periodic GC: Disabled
Heap:
 garbage-first heap   total 113664K, used 57803K [0x000000008a200000, 0x0000000100000000)
  region size 1024K, 19 young (19456K), 5 survivors (5120K)
 Metaspace       used 76689K, committed 77568K, reserved 1179648K
  class space    used 9823K, committed 10304K, reserved 1048576K
GC Heap History (20 events):
Event: 49.746 GC heap before
{Heap before GC invocations=25 (full 1):
 garbage-first heap   total 113664K, used 93670K [0x000000008a200000, 0x0000000100000000)
  region size 1024K, 52 young (53248K), 5 survivors (5120K)
 Metaspace       used 76049K, committed 76864K, reserved 1179648K
  class space    used 9843K, committed 10240K, reserved 1048576K
}
Event: 49.824 GC heap after
{Heap after GC invocations=26 (full 2):
 garbage-first heap   total 113664K, used 40338K [0x000000008a200000, 0x0000000100000000)
  region size 1024K, 0 young (0K), 0 survivors (0K)
 Metaspace       used 76046K, committed 76864K, reserved 1179648K
  class space    used 9842K, committed 10240K, reserved 1048576K
}
Event: 50.716 GC heap before
{Heap before GC invocations=26 (full 2):
 garbage-first heap   total 113664K, used 95634K [0x000000008a200000, 0x0000000100000000)
  region size 1024K, 56 young (57344K), 0 survivors (0K)
 Metaspace       used 76089K, committed 76928K, reserved 1179648K
  class space    used 9850K, committed 10240K, reserved 1048576K
}
Event: 50.720 GC heap after
{Heap after GC invocations=27 (full 2):
 garbage-first heap   total 113664K, used 44819K [0x000000008a200000, 0x0000000100000000)
  region size 1024K, 5 young (5120K), 5 survivors (5120K)
 Metaspace       used 76089K, committed 76928K, reserved 1179648K
  class space    used 9850K, committed 10240K, reserved 1048576K
}
Event: 88.872 GC heap before
{Heap before GC invocations=28 (full 2):
 garbage-first heap   total 113664K, used 94995K [0x000000008a200000, 0x0000000100000000)
  region size 1024K, 53 young (54272K), 5 survivors (5120K)
 Metaspace       used 76304K, committed 77120K, reserved 1179648K
  class space    used 9863K, committed 10240K, reserved 1048576K
}
Event: 88.908 GC heap after
{Heap after GC invocations=29 (full 3):
 garbage-first heap   total 113664K, used 40496K [0x000000008a200000, 0x0000000100000000)
  region size 1024K, 0 young (0K), 0 survivors (0K)
 Metaspace       used 76301K, committed 77120K, reserved 1179648K
  class space    used 9862K, committed 10240K, reserved 1048576K
}
Event: 89.472 GC heap before
{Heap before GC invocations=29 (full 3):
 garbage-first heap   total 113664K, used 95792K [0x000000008a200000, 0x0000000100000000)
  region size 1024K, 56 young (57344K), 0 survivors (0K)
 Metaspace       used 76344K, committed 77248K, reserved 1179648K
  class space    used 9871K, committed 10304K, reserved 1048576K
}
Event: 89.476 GC heap after
{Heap after GC invocations=30 (full 3):
 garbage-first heap   total 113664K, used 45068K [0x000000008a200000, 0x0000000100000000)
  region size 1024K, 5 young (5120K), 5 survivors (5120K)
 Metaspace       used 76344K, committed 77248K, reserved 1179648K
  class space    used 9871K, committed 10304K, reserved 1048576K
}
Event: 99.335 GC heap before
{Heap before GC invocations=31 (full 3):
 garbage-first heap   total 113664K, used 96268K [0x000000008a200000, 0x0000000100000000)
  region size 1024K, 54 young (55296K), 5 survivors (5120K)
 Metaspace       used 76107K, committed 77312K, reserved 1179648K
  class space    used 9766K, committed 10304K, reserved 1048576K
}
Event: 99.380 GC heap after
{Heap after GC invocations=32 (full 4):
 garbage-first heap   total 113664K, used 37458K [0x000000008a200000, 0x0000000100000000)
  region size 1024K, 0 young (0K), 0 survivors (0K)
 Metaspace       used 76104K, committed 77312K, reserved 1179648K
  class space    used 9766K, committed 10304K, reserved 1048576K
}
Event: 99.938 GC heap before
{Heap before GC invocations=32 (full 4):
 garbage-first heap   total 113664K, used 92754K [0x000000008a200000, 0x0000000100000000)
  region size 1024K, 56 young (57344K), 0 survivors (0K)
 Metaspace       used 76148K, committed 77312K, reserved 1179648K
  class space    used 9773K, committed 10304K, reserved 1048576K
}
Event: 99.942 GC heap after
{Heap after GC invocations=33 (full 4):
 garbage-first heap   total 113664K, used 42143K [0x000000008a200000, 0x0000000100000000)
  region size 1024K, 5 young (5120K), 5 survivors (5120K)
 Metaspace       used 76148K, committed 77312K, reserved 1179648K
  class space    used 9773K, committed 10304K, reserved 1048576K
}
Event: 107.719 GC heap before
{Heap before GC invocations=34 (full 4):
 garbage-first heap   total 113664K, used 92319K [0x000000008a200000, 0x0000000100000000)
  region size 1024K, 53 young (54272K), 5 survivors (5120K)
 Metaspace       used 76362K, committed 77440K, reserved 1179648K
  class space    used 9788K, committed 10304K, reserved 1048576K
}
Event: 107.756 GC heap after
{Heap after GC invocations=35 (full 5):
 garbage-first heap   total 113664K, used 37670K [0x000000008a200000, 0x0000000100000000)
  region size 1024K, 0 young (0K), 0 survivors (0K)
 Metaspace       used 76359K, committed 77440K, reserved 1179648K
  class space    used 9788K, committed 10304K, reserved 1048576K
}
Event: 108.253 GC heap before
{Heap before GC invocations=35 (full 5):
 garbage-first heap   total 113664K, used 92966K [0x000000008a200000, 0x0000000100000000)
  region size 1024K, 56 young (57344K), 0 survivors (0K)
 Metaspace       used 76404K, committed 77440K, reserved 1179648K
  class space    used 9795K, committed 10304K, reserved 1048576K
}
Event: 108.256 GC heap after
{Heap after GC invocations=36 (full 5):
 garbage-first heap   total 113664K, used 42123K [0x000000008a200000, 0x0000000100000000)
  region size 1024K, 5 young (5120K), 5 survivors (5120K)
 Metaspace       used 76404K, committed 77440K, reserved 1179648K
  class space    used 9795K, committed 10304K, reserved 1048576K
}
Event: 123.029 GC heap before
{Heap before GC invocations=37 (full 5):
 garbage-first heap   total 113664K, used 92299K [0x000000008a200000, 0x0000000100000000)
  region size 1024K, 53 young (54272K), 5 survivors (5120K)
 Metaspace       used 76619K, committed 77568K, reserved 1179648K
  class space    used 9811K, committed 10304K, reserved 1048576K
}
Event: 123.067 GC heap after
{Heap after GC invocations=38 (full 6):
 garbage-first heap   total 113664K, used 37879K [0x000000008a200000, 0x0000000100000000)
  region size 1024K, 0 young (0K), 0 survivors (0K)
 Metaspace       used 76616K, committed 77568K, reserved 1179648K
  class space    used 9811K, committed 10304K, reserved 1048576K
}
Event: 123.622 GC heap before
{Heap before GC invocations=38 (full 6):
 garbage-first heap   total 113664K, used 93175K [0x000000008a200000, 0x0000000100000000)
  region size 1024K, 56 young (57344K), 0 survivors (0K)
 Metaspace       used 76661K, committed 77568K, reserved 1179648K
  class space    used 9818K, committed 10304K, reserved 1048576K
}
Event: 123.625 GC heap after
{Heap after GC invocations=39 (full 6):
 garbage-first heap   total 113664K, used 42443K [0x000000008a200000, 0x0000000100000000)
  region size 1024K, 5 young (5120K), 5 survivors (5120K)
 Metaspace       used 76661K, committed 77568K, reserved 1179648K
  class space    used 9818K, committed 10304K, reserved 1048576K
}

