# JRE version: OpenJDK Runtime Environment Temurin-21.0.3+9 (21.0.3+9) (build 21.0.3+9-LTS)
# Java VM: OpenJDK 64-Bit Server VM Temurin-21.0.3+9 (21.0.3+9-LTS, mixed mode, emulated-client, tiered, compressed oops, compressed class ptrs, g1 gc, windows-amd64)
GC Precious Log:
 CardTable entry size: 512
 Card Set container configuration: InlinePtr #cards 5 size 8 Array Of Cards #cards 12 size 40 Howl #buckets 4 coarsen threshold 1843 Howl Bitmap #cards 512 size 80 coarsen threshold 460 Card regions per heap region 1 cards per card region 2048
 CPUs: 12 total, 12 available
 Memory: 7539M
 Large Page Support: Disabled
 NUMA Support: Disabled
 Compressed Oops: Enabled (32-bit)
 Heap Region Size: 1M
 Heap Min Capacity: 8M
 Heap Initial Capacity: 118M
 Heap Max Capacity: 1886M
 Pre-touch: Disabled
 Parallel Workers: 10
 Concurrent Workers: 3
 Concurrent Refinement Workers: 10
 Periodic GC: Disabled
Heap:
 garbage-first heap   total 140288K, used 69929K [0x000000008a200000, 0x0000000100000000)
  region size 1024K, 26 young (26624K), 5 survivors (5120K)
 Metaspace       used 99939K, committed 100800K, reserved 1179648K
  class space    used 13062K, committed 13440K, reserved 1048576K
GC Heap History (20 events):
Event: 35279.125 GC heap before
{Heap before GC invocations=46 (full 3):
 garbage-first heap   total 140288K, used 113083K [0x000000008a200000, 0x0000000100000000)
  region size 1024K, 72 young (73728K), 6 survivors (6144K)
 Metaspace       used 97732K, committed 98560K, reserved 1179648K
  class space    used 12870K, committed 13248K, reserved 1048576K
}
Event: 35279.245 GC heap after
{Heap after GC invocations=47 (full 4):
 garbage-first heap   total 140288K, used 40878K [0x000000008a200000, 0x0000000100000000)
  region size 1024K, 0 young (0K), 0 survivors (0K)
 Metaspace       used 97597K, committed 98560K, reserved 1179648K
  class space    used 12839K, committed 13248K, reserved 1048576K
}
Event: 35280.564 GC heap before
{Heap before GC invocations=47 (full 4):
 garbage-first heap   total 140288K, used 100270K [0x000000008a200000, 0x0000000100000000)
  region size 1024K, 60 young (61440K), 0 survivors (0K)
 Metaspace       used 97739K, committed 98624K, reserved 1179648K
  class space    used 12858K, committed 13248K, reserved 1048576K
}
Event: 35280.571 GC heap after
{Heap after GC invocations=48 (full 4):
 garbage-first heap   total 140288K, used 45816K [0x000000008a200000, 0x0000000100000000)
  region size 1024K, 5 young (5120K), 5 survivors (5120K)
 Metaspace       used 97739K, committed 98624K, reserved 1179648K
  class space    used 12858K, committed 13248K, reserved 1048576K
}
Event: 35288.896 GC heap before
{Heap before GC invocations=49 (full 4):
 garbage-first heap   total 140288K, used 108280K [0x000000008a200000, 0x0000000100000000)
  region size 1024K, 65 young (66560K), 5 survivors (5120K)
 Metaspace       used 98123K, committed 98944K, reserved 1179648K
  class space    used 12891K, committed 13248K, reserved 1048576K
}
Event: 35289.025 GC heap after
{Heap after GC invocations=50 (full 5):
 garbage-first heap   total 140288K, used 41321K [0x000000008a200000, 0x0000000100000000)
  region size 1024K, 0 young (0K), 0 survivors (0K)
 Metaspace       used 98121K, committed 98944K, reserved 1179648K
  class space    used 12891K, committed 13248K, reserved 1048576K
}
Event: 35290.061 GC heap before
{Heap before GC invocations=50 (full 5):
 garbage-first heap   total 140288K, used 100713K [0x000000008a200000, 0x0000000100000000)
  region size 1024K, 60 young (61440K), 0 survivors (0K)
 Metaspace       used 98268K, committed 99072K, reserved 1179648K
  class space    used 12915K, committed 13248K, reserved 1048576K
}
Event: 35290.066 GC heap after
{Heap after GC invocations=51 (full 5):
 garbage-first heap   total 140288K, used 46348K [0x000000008a200000, 0x0000000100000000)
  region size 1024K, 5 young (5120K), 5 survivors (5120K)
 Metaspace       used 98268K, committed 99072K, reserved 1179648K
  class space    used 12915K, committed 13248K, reserved 1048576K
}
Event: 35295.274 GC heap before
{Heap before GC invocations=52 (full 5):
 garbage-first heap   total 140288K, used 110860K [0x000000008a200000, 0x0000000100000000)
  region size 1024K, 67 young (68608K), 5 survivors (5120K)
 Metaspace       used 98654K, committed 99456K, reserved 1179648K
  class space    used 12944K, committed 13312K, reserved 1048576K
}
Event: 35295.392 GC heap after
{Heap after GC invocations=53 (full 6):
 garbage-first heap   total 140288K, used 41684K [0x000000008a200000, 0x0000000100000000)
  region size 1024K, 0 young (0K), 0 survivors (0K)
 Metaspace       used 98651K, committed 99456K, reserved 1179648K
  class space    used 12944K, committed 13312K, reserved 1048576K
}
Event: 35296.348 GC heap before
{Heap before GC invocations=53 (full 6):
 garbage-first heap   total 140288K, used 101076K [0x000000008a200000, 0x0000000100000000)
  region size 1024K, 60 young (61440K), 0 survivors (0K)
 Metaspace       used 98789K, committed 99584K, reserved 1179648K
  class space    used 12960K, committed 13312K, reserved 1048576K
}
Event: 35296.353 GC heap after
{Heap after GC invocations=54 (full 6):
 garbage-first heap   total 140288K, used 46604K [0x000000008a200000, 0x0000000100000000)
  region size 1024K, 5 young (5120K), 5 survivors (5120K)
 Metaspace       used 98789K, committed 99584K, reserved 1179648K
  class space    used 12960K, committed 13312K, reserved 1048576K
}
Event: 35306.638 GC heap before
{Heap before GC invocations=55 (full 6):
 garbage-first heap   total 140288K, used 110092K [0x000000008a200000, 0x0000000100000000)
  region size 1024K, 66 young (67584K), 5 survivors (5120K)
 Metaspace       used 99175K, committed 100032K, reserved 1179648K
  class space    used 12990K, committed 13376K, reserved 1048576K
}
Event: 35306.732 GC heap after
{Heap after GC invocations=56 (full 7):
 garbage-first heap   total 140288K, used 42044K [0x000000008a200000, 0x0000000100000000)
  region size 1024K, 0 young (0K), 0 survivors (0K)
 Metaspace       used 99172K, committed 100032K, reserved 1179648K
  class space    used 12990K, committed 13376K, reserved 1048576K
}
Event: 35307.658 GC heap before
{Heap before GC invocations=56 (full 7):
 garbage-first heap   total 140288K, used 101436K [0x000000008a200000, 0x0000000100000000)
  region size 1024K, 60 young (61440K), 0 survivors (0K)
 Metaspace       used 99314K, committed 100160K, reserved 1179648K
  class space    used 13009K, committed 13376K, reserved 1048576K
}
Event: 35307.665 GC heap after
{Heap after GC invocations=57 (full 7):
 garbage-first heap   total 140288K, used 46798K [0x000000008a200000, 0x0000000100000000)
  region size 1024K, 5 young (5120K), 5 survivors (5120K)
 Metaspace       used 99314K, committed 100160K, reserved 1179648K
  class space    used 13009K, committed 13376K, reserved 1048576K
}
Event: 35321.002 GC heap before
{Heap before GC invocations=58 (full 7):
 garbage-first heap   total 140288K, used 111310K [0x000000008a200000, 0x0000000100000000)
  region size 1024K, 67 young (68608K), 5 survivors (5120K)
 Metaspace       used 99717K, committed 100608K, reserved 1179648K
  class space    used 13037K, committed 13440K, reserved 1048576K
}
Event: 35321.135 GC heap after
{Heap after GC invocations=59 (full 8):
 garbage-first heap   total 140288K, used 42401K [0x000000008a200000, 0x0000000100000000)
  region size 1024K, 0 young (0K), 0 survivors (0K)
 Metaspace       used 99713K, committed 100608K, reserved 1179648K
  class space    used 13037K, committed 13440K, reserved 1048576K
}
Event: 35322.219 GC heap before
{Heap before GC invocations=59 (full 8):
 garbage-first heap   total 140288K, used 101793K [0x000000008a200000, 0x0000000100000000)
  region size 1024K, 60 young (61440K), 0 survivors (0K)
 Metaspace       used 99852K, committed 100672K, reserved 1179648K
  class space    used 13053K, committed 13440K, reserved 1048576K
}
Event: 35322.223 GC heap after
{Heap after GC invocations=60 (full 8):
 garbage-first heap   total 140288K, used 47401K [0x000000008a200000, 0x0000000100000000)
  region size 1024K, 5 young (5120K), 5 survivors (5120K)
 Metaspace       used 99852K, committed 100672K, reserved 1179648K
  class space    used 13053K, committed 13440K, reserved 1048576K
}

