# JRE version: OpenJDK Runtime Environment Temurin-21.0.3+9 (21.0.3+9) (build 21.0.3+9-LTS)
# Java VM: OpenJDK 64-Bit Server VM Temurin-21.0.3+9 (21.0.3+9-LTS, mixed mode, emulated-client, tiered, compressed oops, compressed class ptrs, g1 gc, windows-amd64)
GC Precious Log:
 CardTable entry size: 512
 Card Set container configuration: InlinePtr #cards 5 size 8 Array Of Cards #cards 12 size 40 Howl #buckets 4 coarsen threshold 1843 Howl Bitmap #cards 512 size 80 coarsen threshold 460 Card regions per heap region 1 cards per card region 2048
 CPUs: 12 total, 12 available
 Memory: 7539M
 Large Page Support: Disabled
 NUMA Support: Disabled
 Compressed Oops: Enabled (32-bit)
 Heap Region Size: 1M
 Heap Min Capacity: 8M
 Heap Initial Capacity: 118M
 Heap Max Capacity: 1886M
 Pre-touch: Disabled
 Parallel Workers: 10
 Concurrent Workers: 3
 Concurrent Refinement Workers: 10
 Periodic GC: Disabled
Heap:
 garbage-first heap   total 108544K, used 68274K [0x000000008a200000, 0x0000000100000000)
  region size 1024K, 26 young (26624K), 5 survivors (5120K)
 Metaspace       used 92695K, committed 93568K, reserved 1179648K
  class space    used 12167K, committed 12544K, reserved 1048576K
GC Heap History (20 events):
Event: 11.778 GC heap before
{Heap before GC invocations=31 (full 0):
 garbage-first heap   total 108544K, used 95529K [0x000000008a200000, 0x0000000100000000)
  region size 1024K, 53 young (54272K), 6 survivors (6144K)
 Metaspace       used 84815K, committed 85568K, reserved 1179648K
  class space    used 11199K, committed 11520K, reserved 1048576K
}
Event: 11.783 GC heap after
{Heap after GC invocations=32 (full 0):
 garbage-first heap   total 108544K, used 48680K [0x000000008a200000, 0x0000000100000000)
  region size 1024K, 5 young (5120K), 5 survivors (5120K)
 Metaspace       used 84815K, committed 85568K, reserved 1179648K
  class space    used 11199K, committed 11520K, reserved 1048576K
}
Event: 260.179 GC heap before
{Heap before GC invocations=33 (full 0):
 garbage-first heap   total 108544K, used 85544K [0x000000008a200000, 0x0000000100000000)
  region size 1024K, 42 young (43008K), 5 survivors (5120K)
 Metaspace       used 87280K, committed 88064K, reserved 1179648K
  class space    used 11558K, committed 11904K, reserved 1048576K
}
Event: 260.258 GC heap after
{Heap after GC invocations=34 (full 1):
 garbage-first heap   total 108544K, used 41986K [0x000000008a200000, 0x0000000100000000)
  region size 1024K, 0 young (0K), 0 survivors (0K)
 Metaspace       used 87280K, committed 88064K, reserved 1179648K
  class space    used 11558K, committed 11904K, reserved 1048576K
}
Event: 261.229 GC heap before
{Heap before GC invocations=34 (full 1):
 garbage-first heap   total 108544K, used 96258K [0x000000008a200000, 0x0000000100000000)
  region size 1024K, 54 young (55296K), 0 survivors (0K)
 Metaspace       used 87376K, committed 88256K, reserved 1179648K
  class space    used 11573K, committed 11968K, reserved 1048576K
}
Event: 261.237 GC heap after
{Heap after GC invocations=35 (full 1):
 garbage-first heap   total 108544K, used 47106K [0x000000008a200000, 0x0000000100000000)
  region size 1024K, 5 young (5120K), 5 survivors (5120K)
 Metaspace       used 87376K, committed 88256K, reserved 1179648K
  class space    used 11573K, committed 11968K, reserved 1048576K
}
Event: 261.907 GC heap before
{Heap before GC invocations=36 (full 1):
 garbage-first heap   total 108544K, used 96258K [0x000000008a200000, 0x0000000100000000)
  region size 1024K, 51 young (52224K), 5 survivors (5120K)
 Metaspace       used 87234K, committed 88320K, reserved 1179648K
  class space    used 11482K, committed 11968K, reserved 1048576K
}
Event: 261.913 GC heap after
{Heap after GC invocations=37 (full 1):
 garbage-first heap   total 108544K, used 49844K [0x000000008a200000, 0x0000000100000000)
  region size 1024K, 5 young (5120K), 5 survivors (5120K)
 Metaspace       used 87234K, committed 88320K, reserved 1179648K
  class space    used 11482K, committed 11968K, reserved 1048576K
}
Event: 267.345 GC heap before
{Heap before GC invocations=37 (full 1):
 garbage-first heap   total 108544K, used 64180K [0x000000008a200000, 0x0000000100000000)
  region size 1024K, 20 young (20480K), 5 survivors (5120K)
 Metaspace       used 87380K, committed 88384K, reserved 1179648K
  class space    used 11507K, committed 11968K, reserved 1048576K
}
Event: 267.395 GC heap after
{Heap after GC invocations=38 (full 2):
 garbage-first heap   total 108544K, used 39144K [0x000000008a200000, 0x0000000100000000)
  region size 1024K, 0 young (0K), 0 survivors (0K)
 Metaspace       used 87364K, committed 88384K, reserved 1179648K
  class space    used 11504K, committed 11968K, reserved 1048576K
}
Event: 268.029 GC heap before
{Heap before GC invocations=38 (full 2):
 garbage-first heap   total 108544K, used 92392K [0x000000008a200000, 0x0000000100000000)
  region size 1024K, 53 young (54272K), 0 survivors (0K)
 Metaspace       used 87449K, committed 88384K, reserved 1179648K
  class space    used 11517K, committed 11968K, reserved 1048576K
}
Event: 268.034 GC heap after
{Heap after GC invocations=39 (full 2):
 garbage-first heap   total 108544K, used 43874K [0x000000008a200000, 0x0000000100000000)
  region size 1024K, 5 young (5120K), 5 survivors (5120K)
 Metaspace       used 87449K, committed 88384K, reserved 1179648K
  class space    used 11517K, committed 11968K, reserved 1048576K
}
Event: 268.579 GC heap before
{Heap before GC invocations=40 (full 2):
 garbage-first heap   total 108544K, used 95074K [0x000000008a200000, 0x0000000100000000)
  region size 1024K, 53 young (54272K), 5 survivors (5120K)
 Metaspace       used 87774K, committed 88576K, reserved 1179648K
  class space    used 11542K, committed 11968K, reserved 1048576K
}
Event: 268.583 GC heap after
{Heap after GC invocations=41 (full 2):
 garbage-first heap   total 108544K, used 46020K [0x000000008a200000, 0x0000000100000000)
  region size 1024K, 4 young (4096K), 4 survivors (4096K)
 Metaspace       used 87774K, committed 88576K, reserved 1179648K
  class space    used 11542K, committed 11968K, reserved 1048576K
}
Event: 283.104 GC heap before
{Heap before GC invocations=41 (full 2):
 garbage-first heap   total 108544K, used 92100K [0x000000008a200000, 0x0000000100000000)
  region size 1024K, 50 young (51200K), 4 survivors (4096K)
 Metaspace       used 92314K, committed 93056K, reserved 1179648K
  class space    used 12123K, committed 12480K, reserved 1048576K
}
Event: 283.110 GC heap after
{Heap after GC invocations=42 (full 2):
 garbage-first heap   total 108544K, used 47140K [0x000000008a200000, 0x0000000100000000)
  region size 1024K, 5 young (5120K), 5 survivors (5120K)
 Metaspace       used 92314K, committed 93056K, reserved 1179648K
  class space    used 12123K, committed 12480K, reserved 1048576K
}
Event: 337.171 GC heap before
{Heap before GC invocations=42 (full 2):
 garbage-first heap   total 108544K, used 56356K [0x000000008a200000, 0x0000000100000000)
  region size 1024K, 15 young (15360K), 5 survivors (5120K)
 Metaspace       used 92707K, committed 93504K, reserved 1179648K
  class space    used 12183K, committed 12544K, reserved 1048576K
}
Event: 337.218 GC heap after
{Heap after GC invocations=43 (full 3):
 garbage-first heap   total 108544K, used 40954K [0x000000008a200000, 0x0000000100000000)
  region size 1024K, 0 young (0K), 0 survivors (0K)
 Metaspace       used 92704K, committed 93504K, reserved 1179648K
  class space    used 12182K, committed 12544K, reserved 1048576K
}
Event: 337.895 GC heap before
{Heap before GC invocations=43 (full 3):
 garbage-first heap   total 108544K, used 94202K [0x000000008a200000, 0x0000000100000000)
  region size 1024K, 53 young (54272K), 0 survivors (0K)
 Metaspace       used 92786K, committed 93568K, reserved 1179648K
  class space    used 12194K, committed 12544K, reserved 1048576K
}
Event: 337.899 GC heap after
{Heap after GC invocations=44 (full 3):
 garbage-first heap   total 108544K, used 45746K [0x000000008a200000, 0x0000000100000000)
  region size 1024K, 5 young (5120K), 5 survivors (5120K)
 Metaspace       used 92786K, committed 93568K, reserved 1179648K
  class space    used 12194K, committed 12544K, reserved 1048576K
}

