# JRE version: OpenJDK Runtime Environment Temurin-21.0.3+9 (21.0.3+9) (build 21.0.3+9-LTS)
# Java VM: OpenJDK 64-Bit Server VM Temurin-21.0.3+9 (21.0.3+9-LTS, mixed mode, emulated-client, tiered, compressed oops, compressed class ptrs, g1 gc, windows-amd64)
GC Precious Log:
 CardTable entry size: 512
 Card Set container configuration: InlinePtr #cards 5 size 8 Array Of Cards #cards 12 size 40 Howl #buckets 4 coarsen threshold 1843 Howl Bitmap #cards 512 size 80 coarsen threshold 460 Card regions per heap region 1 cards per card region 2048
 CPUs: 12 total, 12 available
 Memory: 7539M
 Large Page Support: Disabled
 NUMA Support: Disabled
 Compressed Oops: Enabled (32-bit)
 Heap Region Size: 1M
 Heap Min Capacity: 8M
 Heap Initial Capacity: 118M
 Heap Max Capacity: 1886M
 Pre-touch: Disabled
 Parallel Workers: 10
 Concurrent Workers: 3
 Concurrent Refinement Workers: 10
 Periodic GC: Disabled
Heap:
 garbage-first heap   total 133120K, used 64088K [0x000000008a200000, 0x0000000100000000)
  region size 1024K, 25 young (25600K), 6 survivors (6144K)
 Metaspace       used 93989K, committed 94848K, reserved 1179648K
  class space    used 12270K, committed 12672K, reserved 1048576K
GC Heap History (20 events):
Event: 226.357 GC heap before
{Heap before GC invocations=33 (full 2):
 garbage-first heap   total 138240K, used 96729K [0x000000008a200000, 0x0000000100000000)
  region size 1024K, 57 young (58368K), 0 survivors (0K)
 Metaspace       used 90730K, committed 91648K, reserved 1179648K
  class space    used 11901K, committed 12352K, reserved 1048576K
}
Event: 226.364 GC heap after
{Heap after GC invocations=34 (full 2):
 garbage-first heap   total 138240K, used 45529K [0x000000008a200000, 0x0000000100000000)
  region size 1024K, 5 young (5120K), 5 survivors (5120K)
 Metaspace       used 90730K, committed 91648K, reserved 1179648K
  class space    used 11901K, committed 12352K, reserved 1048576K
}
Event: 290.867 GC heap before
{Heap before GC invocations=35 (full 2):
 garbage-first heap   total 138240K, used 104921K [0x000000008a200000, 0x0000000100000000)
  region size 1024K, 63 young (64512K), 5 survivors (5120K)
 Metaspace       used 91040K, committed 91904K, reserved 1179648K
  class space    used 11922K, committed 12352K, reserved 1048576K
}
Event: 290.951 GC heap after
{Heap after GC invocations=36 (full 3):
 garbage-first heap   total 138240K, used 40095K [0x000000008a200000, 0x0000000100000000)
  region size 1024K, 0 young (0K), 0 survivors (0K)
 Metaspace       used 91037K, committed 91904K, reserved 1179648K
  class space    used 11921K, committed 12352K, reserved 1048576K
}
Event: 291.799 GC heap before
{Heap before GC invocations=36 (full 3):
 garbage-first heap   total 138240K, used 96415K [0x000000008a200000, 0x0000000100000000)
  region size 1024K, 57 young (58368K), 0 survivors (0K)
 Metaspace       used 91110K, committed 91968K, reserved 1179648K
  class space    used 11932K, committed 12352K, reserved 1048576K
}
Event: 291.805 GC heap after
{Heap after GC invocations=37 (full 3):
 garbage-first heap   total 138240K, used 45043K [0x000000008a200000, 0x0000000100000000)
  region size 1024K, 5 young (5120K), 5 survivors (5120K)
 Metaspace       used 91110K, committed 91968K, reserved 1179648K
  class space    used 11932K, committed 12352K, reserved 1048576K
}
Event: 313.078 GC heap before
{Heap before GC invocations=38 (full 3):
 garbage-first heap   total 138240K, used 103411K [0x000000008a200000, 0x0000000100000000)
  region size 1024K, 61 young (62464K), 5 survivors (5120K)
 Metaspace       used 91341K, committed 92224K, reserved 1179648K
  class space    used 11927K, committed 12352K, reserved 1048576K
}
Event: 313.140 GC heap after
{Heap after GC invocations=39 (full 4):
 garbage-first heap   total 138240K, used 39901K [0x000000008a200000, 0x0000000100000000)
  region size 1024K, 0 young (0K), 0 survivors (0K)
 Metaspace       used 91338K, committed 92224K, reserved 1179648K
  class space    used 11926K, committed 12352K, reserved 1048576K
}
Event: 314.094 GC heap before
{Heap before GC invocations=39 (full 4):
 garbage-first heap   total 138240K, used 95197K [0x000000008a200000, 0x0000000100000000)
  region size 1024K, 56 young (57344K), 0 survivors (0K)
 Metaspace       used 91408K, committed 92288K, reserved 1179648K
  class space    used 11937K, committed 12352K, reserved 1048576K
}
Event: 314.100 GC heap after
{Heap after GC invocations=40 (full 4):
 garbage-first heap   total 138240K, used 44603K [0x000000008a200000, 0x0000000100000000)
  region size 1024K, 5 young (5120K), 5 survivors (5120K)
 Metaspace       used 91408K, committed 92288K, reserved 1179648K
  class space    used 11937K, committed 12352K, reserved 1048576K
}
Event: 319.286 GC heap before
{Heap before GC invocations=41 (full 4):
 garbage-first heap   total 138240K, used 102971K [0x000000008a200000, 0x0000000100000000)
  region size 1024K, 61 young (62464K), 5 survivors (5120K)
 Metaspace       used 91780K, committed 92608K, reserved 1179648K
  class space    used 11964K, committed 12352K, reserved 1048576K
}
Event: 319.370 GC heap after
{Heap after GC invocations=42 (full 5):
 garbage-first heap   total 138240K, used 40074K [0x000000008a200000, 0x0000000100000000)
  region size 1024K, 0 young (0K), 0 survivors (0K)
 Metaspace       used 91770K, committed 92608K, reserved 1179648K
  class space    used 11963K, committed 12352K, reserved 1048576K
}
Event: 320.256 GC heap before
{Heap before GC invocations=42 (full 5):
 garbage-first heap   total 138240K, used 96394K [0x000000008a200000, 0x0000000100000000)
  region size 1024K, 57 young (58368K), 0 survivors (0K)
 Metaspace       used 91841K, committed 92672K, reserved 1179648K
  class space    used 11974K, committed 12352K, reserved 1048576K
}
Event: 320.264 GC heap after
{Heap after GC invocations=43 (full 5):
 garbage-first heap   total 138240K, used 44813K [0x000000008a200000, 0x0000000100000000)
  region size 1024K, 5 young (5120K), 5 survivors (5120K)
 Metaspace       used 91841K, committed 92672K, reserved 1179648K
  class space    used 11974K, committed 12352K, reserved 1048576K
}
Event: 425.500 GC heap before
{Heap before GC invocations=44 (full 5):
 garbage-first heap   total 138240K, used 119565K [0x000000008a200000, 0x0000000100000000)
  region size 1024K, 76 young (77824K), 5 survivors (5120K)
 Metaspace       used 93868K, committed 94656K, reserved 1179648K
  class space    used 12248K, committed 12608K, reserved 1048576K
}
Event: 425.514 GC heap after
{Heap after GC invocations=45 (full 5):
 garbage-first heap   total 138240K, used 46661K [0x000000008a200000, 0x0000000100000000)
  region size 1024K, 7 young (7168K), 7 survivors (7168K)
 Metaspace       used 93868K, committed 94656K, reserved 1179648K
  class space    used 12248K, committed 12608K, reserved 1048576K
}
Event: 1425.492 GC heap before
{Heap before GC invocations=45 (full 5):
 garbage-first heap   total 138240K, used 108101K [0x000000008a200000, 0x0000000100000000)
  region size 1024K, 68 young (69632K), 7 survivors (7168K)
 Metaspace       used 93872K, committed 94656K, reserved 1179648K
  class space    used 12248K, committed 12608K, reserved 1048576K
}
Event: 1425.684 GC heap after
{Heap after GC invocations=46 (full 6):
 garbage-first heap   total 133120K, used 37464K [0x000000008a200000, 0x0000000100000000)
  region size 1024K, 0 young (0K), 0 survivors (0K)
 Metaspace       used 93737K, committed 94656K, reserved 1179648K
  class space    used 12219K, committed 12608K, reserved 1048576K
}
Event: 1427.029 GC heap before
{Heap before GC invocations=46 (full 6):
 garbage-first heap   total 133120K, used 97880K [0x000000008a200000, 0x0000000100000000)
  region size 1024K, 60 young (61440K), 0 survivors (0K)
 Metaspace       used 93899K, committed 94720K, reserved 1179648K
  class space    used 12253K, committed 12608K, reserved 1048576K
}
Event: 1427.039 GC heap after
{Heap after GC invocations=47 (full 6):
 garbage-first heap   total 133120K, used 43608K [0x000000008a200000, 0x0000000100000000)
  region size 1024K, 6 young (6144K), 6 survivors (6144K)
 Metaspace       used 93899K, committed 94720K, reserved 1179648K
  class space    used 12253K, committed 12608K, reserved 1048576K
}

