# JRE version: OpenJDK Runtime Environment Temurin-21.0.3+9 (21.0.3+9) (build 21.0.3+9-LTS)
# Java VM: OpenJDK 64-Bit Server VM Temurin-21.0.3+9 (21.0.3+9-LTS, mixed mode, emulated-client, tiered, compressed oops, compressed class ptrs, g1 gc, windows-amd64)
GC Precious Log:
 CardTable entry size: 512
 Card Set container configuration: InlinePtr #cards 5 size 8 Array Of Cards #cards 12 size 40 Howl #buckets 4 coarsen threshold 1843 Howl Bitmap #cards 512 size 80 coarsen threshold 460 Card regions per heap region 1 cards per card region 2048
 CPUs: 12 total, 12 available
 Memory: 7539M
 Large Page Support: Disabled
 NUMA Support: Disabled
 Compressed Oops: Enabled (32-bit)
 Heap Region Size: 1M
 Heap Min Capacity: 8M
 Heap Initial Capacity: 118M
 Heap Max Capacity: 1886M
 Pre-touch: Disabled
 Parallel Workers: 10
 Concurrent Workers: 3
 Concurrent Refinement Workers: 10
 Periodic GC: Disabled
Heap:
 garbage-first heap   total 130048K, used 70516K [0x000000008a200000, 0x0000000100000000)
  region size 1024K, 33 young (33792K), 7 survivors (7168K)
 Metaspace       used 92935K, committed 93696K, reserved 1179648K
  class space    used 12158K, committed 12480K, reserved 1048576K
GC Heap History (20 events):
Event: 173.533 GC heap before
{Heap before GC invocations=28 (full 2):
 garbage-first heap   total 140288K, used 97065K [0x000000008a200000, 0x0000000100000000)
  region size 1024K, 58 young (59392K), 0 survivors (0K)
 Metaspace       used 90786K, committed 91712K, reserved 1179648K
  class space    used 11960K, committed 12416K, reserved 1048576K
}
Event: 173.539 GC heap after
{Heap after GC invocations=29 (full 2):
 garbage-first heap   total 140288K, used 44446K [0x000000008a200000, 0x0000000100000000)
  region size 1024K, 5 young (5120K), 5 survivors (5120K)
 Metaspace       used 90786K, committed 91712K, reserved 1179648K
  class space    used 11960K, committed 12416K, reserved 1048576K
}
Event: 193.168 GC heap before
{Heap before GC invocations=30 (full 2):
 garbage-first heap   total 140288K, used 107934K [0x000000008a200000, 0x0000000100000000)
  region size 1024K, 66 young (67584K), 5 survivors (5120K)
 Metaspace       used 91179K, committed 91968K, reserved 1179648K
  class space    used 11991K, committed 12416K, reserved 1048576K
}
Event: 193.258 GC heap after
{Heap after GC invocations=31 (full 3):
 garbage-first heap   total 140288K, used 40128K [0x000000008a200000, 0x0000000100000000)
  region size 1024K, 0 young (0K), 0 survivors (0K)
 Metaspace       used 91176K, committed 91968K, reserved 1179648K
  class space    used 11991K, committed 12416K, reserved 1048576K
}
Event: 194.331 GC heap before
{Heap before GC invocations=31 (full 3):
 garbage-first heap   total 140288K, used 121024K [0x000000008a200000, 0x0000000100000000)
  region size 1024K, 78 young (79872K), 0 survivors (0K)
 Metaspace       used 91371K, committed 92160K, reserved 1179648K
  class space    used 12019K, committed 12416K, reserved 1048576K
}
Event: 194.337 GC heap after
{Heap after GC invocations=32 (full 3):
 garbage-first heap   total 140288K, used 45248K [0x000000008a200000, 0x0000000100000000)
  region size 1024K, 5 young (5120K), 5 survivors (5120K)
 Metaspace       used 91371K, committed 92160K, reserved 1179648K
  class space    used 12019K, committed 12416K, reserved 1048576K
}
Event: 196.288 GC heap before
{Heap before GC invocations=32 (full 3):
 garbage-first heap   total 140288K, used 85184K [0x000000008a200000, 0x0000000100000000)
  region size 1024K, 45 young (46080K), 5 survivors (5120K)
 Metaspace       used 91668K, committed 92416K, reserved 1179648K
  class space    used 12039K, committed 12416K, reserved 1048576K
}
Event: 196.344 GC heap after
{Heap after GC invocations=33 (full 4):
 garbage-first heap   total 140288K, used 40480K [0x000000008a200000, 0x0000000100000000)
  region size 1024K, 0 young (0K), 0 survivors (0K)
 Metaspace       used 91665K, committed 92416K, reserved 1179648K
  class space    used 12039K, committed 12416K, reserved 1048576K
}
Event: 197.408 GC heap before
{Heap before GC invocations=33 (full 4):
 garbage-first heap   total 140288K, used 121376K [0x000000008a200000, 0x0000000100000000)
  region size 1024K, 78 young (79872K), 0 survivors (0K)
 Metaspace       used 91886K, committed 92608K, reserved 1179648K
  class space    used 12070K, committed 12416K, reserved 1048576K
}
Event: 197.415 GC heap after
{Heap after GC invocations=34 (full 4):
 garbage-first heap   total 140288K, used 45692K [0x000000008a200000, 0x0000000100000000)
  region size 1024K, 6 young (6144K), 6 survivors (6144K)
 Metaspace       used 91886K, committed 92608K, reserved 1179648K
  class space    used 12070K, committed 12416K, reserved 1048576K
}
Event: 208.447 GC heap before
{Heap before GC invocations=34 (full 4):
 garbage-first heap   total 140288K, used 86652K [0x000000008a200000, 0x0000000100000000)
  region size 1024K, 47 young (48128K), 6 survivors (6144K)
 Metaspace       used 92195K, committed 92928K, reserved 1179648K
  class space    used 12090K, committed 12416K, reserved 1048576K
}
Event: 208.547 GC heap after
{Heap after GC invocations=35 (full 5):
 garbage-first heap   total 140288K, used 40842K [0x000000008a200000, 0x0000000100000000)
  region size 1024K, 0 young (0K), 0 survivors (0K)
 Metaspace       used 92193K, committed 92928K, reserved 1179648K
  class space    used 12090K, committed 12416K, reserved 1048576K
}
Event: 209.511 GC heap before
{Heap before GC invocations=35 (full 5):
 garbage-first heap   total 140288K, used 101258K [0x000000008a200000, 0x0000000100000000)
  region size 1024K, 60 young (61440K), 0 survivors (0K)
 Metaspace       used 92301K, committed 92992K, reserved 1179648K
  class space    used 12105K, committed 12416K, reserved 1048576K
}
Event: 209.517 GC heap after
{Heap after GC invocations=36 (full 5):
 garbage-first heap   total 140288K, used 45724K [0x000000008a200000, 0x0000000100000000)
  region size 1024K, 5 young (5120K), 5 survivors (5120K)
 Metaspace       used 92301K, committed 92992K, reserved 1179648K
  class space    used 12105K, committed 12416K, reserved 1048576K
}
Event: 574.246 GC heap before
{Heap before GC invocations=36 (full 5):
 garbage-first heap   total 140288K, used 122524K [0x000000008a200000, 0x0000000100000000)
  region size 1024K, 79 young (80896K), 5 survivors (5120K)
 Metaspace       used 92683K, committed 93440K, reserved 1179648K
  class space    used 12133K, committed 12480K, reserved 1048576K
}
Event: 574.295 GC heap after
{Heap after GC invocations=37 (full 5):
 garbage-first heap   total 140288K, used 47797K [0x000000008a200000, 0x0000000100000000)
  region size 1024K, 7 young (7168K), 7 survivors (7168K)
 Metaspace       used 92683K, committed 93440K, reserved 1179648K
  class space    used 12133K, committed 12480K, reserved 1048576K
}
Event: 1225.969 GC heap before
{Heap before GC invocations=37 (full 5):
 garbage-first heap   total 140288K, used 79541K [0x000000008a200000, 0x0000000100000000)
  region size 1024K, 39 young (39936K), 7 survivors (7168K)
 Metaspace       used 92695K, committed 93440K, reserved 1179648K
  class space    used 12134K, committed 12480K, reserved 1048576K
}
Event: 1226.136 GC heap after
{Heap after GC invocations=38 (full 6):
 garbage-first heap   total 130048K, used 37556K [0x000000008a200000, 0x0000000100000000)
  region size 1024K, 0 young (0K), 0 survivors (0K)
 Metaspace       used 92480K, committed 93440K, reserved 1179648K
  class space    used 12086K, committed 12480K, reserved 1048576K
}
Event: 1228.022 GC heap before
{Heap before GC invocations=38 (full 6):
 garbage-first heap   total 130048K, used 97972K [0x000000008a200000, 0x0000000100000000)
  region size 1024K, 61 young (62464K), 0 survivors (0K)
 Metaspace       used 92688K, committed 93440K, reserved 1179648K
  class space    used 12129K, committed 12480K, reserved 1048576K
}
Event: 1228.036 GC heap after
{Heap after GC invocations=39 (full 6):
 garbage-first heap   total 130048K, used 43892K [0x000000008a200000, 0x0000000100000000)
  region size 1024K, 7 young (7168K), 7 survivors (7168K)
 Metaspace       used 92688K, committed 93440K, reserved 1179648K
  class space    used 12129K, committed 12480K, reserved 1048576K
}

