# JRE version: OpenJDK Runtime Environment Temurin-21.0.3+9 (21.0.3+9) (build 21.0.3+9-LTS)
# Java VM: OpenJDK 64-Bit Server VM Temurin-21.0.3+9 (21.0.3+9-LTS, mixed mode, emulated-client, tiered, compressed oops, compressed class ptrs, g1 gc, windows-amd64)
GC Precious Log:
 CardTable entry size: 512
 Card Set container configuration: InlinePtr #cards 5 size 8 Array Of Cards #cards 12 size 40 Howl #buckets 4 coarsen threshold 1843 Howl Bitmap #cards 512 size 80 coarsen threshold 460 Card regions per heap region 1 cards per card region 2048
 CPUs: 12 total, 12 available
 Memory: 7539M
 Large Page Support: Disabled
 NUMA Support: Disabled
 Compressed Oops: Enabled (32-bit)
 Heap Region Size: 1M
 Heap Min Capacity: 8M
 Heap Initial Capacity: 118M
 Heap Max Capacity: 1886M
 Pre-touch: Disabled
 Parallel Workers: 10
 Concurrent Workers: 3
 Concurrent Refinement Workers: 10
 Periodic GC: Disabled
Heap:
 garbage-first heap   total 114688K, used 56037K [0x000000008a200000, 0x0000000100000000)
  region size 1024K, 20 young (20480K), 5 survivors (5120K)
 Metaspace       used 89142K, committed 90176K, reserved 1179648K
  class space    used 11983K, committed 12416K, reserved 1048576K
GC Heap History (20 events):
Event: 6.858 GC heap before
{Heap before GC invocations=20 (full 0):
 garbage-first heap   total 95232K, used 82852K [0x000000008a200000, 0x0000000100000000)
  region size 1024K, 51 young (52224K), 5 survivors (5120K)
 Metaspace       used 68813K, committed 69504K, reserved 1114112K
  class space    used 9104K, committed 9408K, reserved 1048576K
}
Event: 6.862 GC heap after
{Heap after GC invocations=21 (full 0):
 garbage-first heap   total 95232K, used 35778K [0x000000008a200000, 0x0000000100000000)
  region size 1024K, 4 young (4096K), 4 survivors (4096K)
 Metaspace       used 68813K, committed 69504K, reserved 1114112K
  class space    used 9104K, committed 9408K, reserved 1048576K
}
Event: 7.317 GC heap before
{Heap before GC invocations=21 (full 0):
 garbage-first heap   total 95232K, used 83906K [0x000000008a200000, 0x0000000100000000)
  region size 1024K, 51 young (52224K), 4 survivors (4096K)
 Metaspace       used 73168K, committed 73856K, reserved 1114112K
  class space    used 9671K, committed 9984K, reserved 1048576K
}
Event: 7.321 GC heap after
{Heap after GC invocations=22 (full 0):
 garbage-first heap   total 95232K, used 37286K [0x000000008a200000, 0x0000000100000000)
  region size 1024K, 5 young (5120K), 5 survivors (5120K)
 Metaspace       used 73168K, committed 73856K, reserved 1114112K
  class space    used 9671K, committed 9984K, reserved 1048576K
}
Event: 7.801 GC heap before
{Heap before GC invocations=22 (full 0):
 garbage-first heap   total 95232K, used 83366K [0x000000008a200000, 0x0000000100000000)
  region size 1024K, 50 young (51200K), 5 survivors (5120K)
 Metaspace       used 76272K, committed 76992K, reserved 1179648K
  class space    used 10120K, committed 10432K, reserved 1048576K
}
Event: 7.807 GC heap after
{Heap after GC invocations=23 (full 0):
 garbage-first heap   total 95232K, used 40187K [0x000000008a200000, 0x0000000100000000)
  region size 1024K, 7 young (7168K), 7 survivors (7168K)
 Metaspace       used 76272K, committed 76992K, reserved 1179648K
  class space    used 10120K, committed 10432K, reserved 1048576K
}
Event: 8.257 GC heap before
{Heap before GC invocations=24 (full 0):
 garbage-first heap   total 95232K, used 80123K [0x000000008a200000, 0x0000000100000000)
  region size 1024K, 46 young (47104K), 7 survivors (7168K)
 Metaspace       used 78403K, committed 79104K, reserved 1179648K
  class space    used 10495K, committed 10816K, reserved 1048576K
}
Event: 8.263 GC heap after
{Heap after GC invocations=25 (full 0):
 garbage-first heap   total 114688K, used 41771K [0x000000008a200000, 0x0000000100000000)
  region size 1024K, 5 young (5120K), 5 survivors (5120K)
 Metaspace       used 78403K, committed 79104K, reserved 1179648K
  class space    used 10495K, committed 10816K, reserved 1048576K
}
Event: 8.795 GC heap before
{Heap before GC invocations=25 (full 0):
 garbage-first heap   total 114688K, used 100139K [0x000000008a200000, 0x0000000100000000)
  region size 1024K, 63 young (64512K), 5 survivors (5120K)
 Metaspace       used 84131K, committed 85056K, reserved 1179648K
  class space    used 11289K, committed 11712K, reserved 1048576K
}
Event: 8.801 GC heap after
{Heap after GC invocations=26 (full 0):
 garbage-first heap   total 114688K, used 44724K [0x000000008a200000, 0x0000000100000000)
  region size 1024K, 8 young (8192K), 8 survivors (8192K)
 Metaspace       used 84131K, committed 85056K, reserved 1179648K
  class space    used 11289K, committed 11712K, reserved 1048576K
}
Event: 79.829 GC heap before
{Heap before GC invocations=26 (full 0):
 garbage-first heap   total 114688K, used 96948K [0x000000008a200000, 0x0000000100000000)
  region size 1024K, 60 young (61440K), 8 survivors (8192K)
 Metaspace       used 88901K, committed 89728K, reserved 1179648K
  class space    used 11979K, committed 12352K, reserved 1048576K
}
Event: 79.836 GC heap after
{Heap after GC invocations=27 (full 0):
 garbage-first heap   total 114688K, used 46427K [0x000000008a200000, 0x0000000100000000)
  region size 1024K, 5 young (5120K), 5 survivors (5120K)
 Metaspace       used 88901K, committed 89728K, reserved 1179648K
  class space    used 11979K, committed 12352K, reserved 1048576K
}
Event: 82.974 GC heap before
{Heap before GC invocations=28 (full 0):
 garbage-first heap   total 114688K, used 49499K [0x000000008a200000, 0x0000000100000000)
  region size 1024K, 9 young (9216K), 5 survivors (5120K)
 Metaspace       used 88678K, committed 89728K, reserved 1179648K
  class space    used 11926K, committed 12352K, reserved 1048576K
}
Event: 83.033 GC heap after
{Heap after GC invocations=29 (full 1):
 garbage-first heap   total 114688K, used 32501K [0x000000008a200000, 0x0000000100000000)
  region size 1024K, 0 young (0K), 0 survivors (0K)
 Metaspace       used 88678K, committed 89728K, reserved 1179648K
  class space    used 11926K, committed 12352K, reserved 1048576K
}
Event: 84.361 GC heap before
{Heap before GC invocations=29 (full 1):
 garbage-first heap   total 114688K, used 101109K [0x000000008a200000, 0x0000000100000000)
  region size 1024K, 67 young (68608K), 0 survivors (0K)
 Metaspace       used 88865K, committed 89728K, reserved 1179648K
  class space    used 11972K, committed 12352K, reserved 1048576K
}
Event: 84.367 GC heap after
{Heap after GC invocations=30 (full 1):
 garbage-first heap   total 114688K, used 38543K [0x000000008a200000, 0x0000000100000000)
  region size 1024K, 6 young (6144K), 6 survivors (6144K)
 Metaspace       used 88865K, committed 89728K, reserved 1179648K
  class space    used 11972K, committed 12352K, reserved 1048576K
}
Event: 97.528 GC heap before
{Heap before GC invocations=30 (full 1):
 garbage-first heap   total 114688K, used 81551K [0x000000008a200000, 0x0000000100000000)
  region size 1024K, 49 young (50176K), 6 survivors (6144K)
 Metaspace       used 89310K, committed 90176K, reserved 1179648K
  class space    used 12031K, committed 12416K, reserved 1048576K
}
Event: 97.607 GC heap after
{Heap after GC invocations=31 (full 2):
 garbage-first heap   total 114688K, used 35709K [0x000000008a200000, 0x0000000100000000)
  region size 1024K, 0 young (0K), 0 survivors (0K)
 Metaspace       used 89076K, committed 90176K, reserved 1179648K
  class space    used 11974K, committed 12416K, reserved 1048576K
}
Event: 99.589 GC heap before
{Heap before GC invocations=31 (full 2):
 garbage-first heap   total 114688K, used 85885K [0x000000008a200000, 0x0000000100000000)
  region size 1024K, 51 young (52224K), 0 survivors (0K)
 Metaspace       used 89103K, committed 90176K, reserved 1179648K
  class space    used 11979K, committed 12416K, reserved 1048576K
}
Event: 99.593 GC heap after
{Heap after GC invocations=32 (full 2):
 garbage-first heap   total 114688K, used 40677K [0x000000008a200000, 0x0000000100000000)
  region size 1024K, 5 young (5120K), 5 survivors (5120K)
 Metaspace       used 89103K, committed 90176K, reserved 1179648K
  class space    used 11979K, committed 12416K, reserved 1048576K
}

