# JRE version: OpenJDK Runtime Environment Temurin-21.0.3+9 (21.0.3+9) (build 21.0.3+9-LTS)
# Java VM: OpenJDK 64-Bit Server VM Temurin-21.0.3+9 (21.0.3+9-LTS, mixed mode, emulated-client, tiered, compressed oops, compressed class ptrs, g1 gc, windows-amd64)
GC Precious Log:
 CardTable entry size: 512
 Card Set container configuration: InlinePtr #cards 5 size 8 Array Of Cards #cards 12 size 40 Howl #buckets 4 coarsen threshold 1843 Howl Bitmap #cards 512 size 80 coarsen threshold 460 Card regions per heap region 1 cards per card region 2048
 CPUs: 12 total, 12 available
 Memory: 7539M
 Large Page Support: Disabled
 NUMA Support: Disabled
 Compressed Oops: Enabled (32-bit)
 Heap Region Size: 1M
 Heap Min Capacity: 8M
 Heap Initial Capacity: 118M
 Heap Max Capacity: 1886M
 Pre-touch: Disabled
 Parallel Workers: 10
 Concurrent Workers: 3
 Concurrent Refinement Workers: 10
 Periodic GC: Disabled
Heap:
 garbage-first heap   total 137216K, used 83501K [0x000000008a200000, 0x0000000100000000)
  region size 1024K, 42 young (43008K), 8 survivors (8192K)
 Metaspace       used 95615K, committed 96512K, reserved 1179648K
  class space    used 12475K, committed 12864K, reserved 1048576K
GC Heap History (20 events):
Event: 1382.825 GC heap before
{Heap before GC invocations=36 (full 4):
 garbage-first heap   total 137216K, used 108825K [0x000000008a200000, 0x0000000100000000)
  region size 1024K, 66 young (67584K), 5 survivors (5120K)
 Metaspace       used 93280K, committed 94144K, reserved 1179648K
  class space    used 12209K, committed 12672K, reserved 1048576K
}
Event: 1382.906 GC heap after
{Heap after GC invocations=37 (full 5):
 garbage-first heap   total 137216K, used 40700K [0x000000008a200000, 0x0000000100000000)
  region size 1024K, 0 young (0K), 0 survivors (0K)
 Metaspace       used 93277K, committed 94144K, reserved 1179648K
  class space    used 12209K, committed 12672K, reserved 1048576K
}
Event: 1383.685 GC heap before
{Heap before GC invocations=37 (full 5):
 garbage-first heap   total 137216K, used 119548K [0x000000008a200000, 0x0000000100000000)
  region size 1024K, 76 young (77824K), 0 survivors (0K)
 Metaspace       used 93442K, committed 94272K, reserved 1179648K
  class space    used 12234K, committed 12672K, reserved 1048576K
}
Event: 1383.689 GC heap after
{Heap after GC invocations=38 (full 5):
 garbage-first heap   total 137216K, used 45760K [0x000000008a200000, 0x0000000100000000)
  region size 1024K, 5 young (5120K), 5 survivors (5120K)
 Metaspace       used 93442K, committed 94272K, reserved 1179648K
  class space    used 12234K, committed 12672K, reserved 1048576K
}
Event: 1410.772 GC heap before
{Heap before GC invocations=38 (full 5):
 garbage-first heap   total 137216K, used 89792K [0x000000008a200000, 0x0000000100000000)
  region size 1024K, 49 young (50176K), 5 survivors (5120K)
 Metaspace       used 93792K, committed 94656K, reserved 1179648K
  class space    used 12257K, committed 12672K, reserved 1048576K
}
Event: 1410.826 GC heap after
{Heap after GC invocations=39 (full 6):
 garbage-first heap   total 137216K, used 41758K [0x000000008a200000, 0x0000000100000000)
  region size 1024K, 0 young (0K), 0 survivors (0K)
 Metaspace       used 93789K, committed 94656K, reserved 1179648K
  class space    used 12257K, committed 12672K, reserved 1048576K
}
Event: 1411.322 GC heap before
{Heap before GC invocations=39 (full 6):
 garbage-first heap   total 137216K, used 102174K [0x000000008a200000, 0x0000000100000000)
  region size 1024K, 60 young (61440K), 0 survivors (0K)
 Metaspace       used 93930K, committed 94784K, reserved 1179648K
  class space    used 12276K, committed 12672K, reserved 1048576K
}
Event: 1411.326 GC heap after
{Heap after GC invocations=40 (full 6):
 garbage-first heap   total 137216K, used 46771K [0x000000008a200000, 0x0000000100000000)
  region size 1024K, 5 young (5120K), 5 survivors (5120K)
 Metaspace       used 93930K, committed 94784K, reserved 1179648K
  class space    used 12276K, committed 12672K, reserved 1048576K
}
Event: 1593.064 GC heap before
{Heap before GC invocations=41 (full 6):
 garbage-first heap   total 137216K, used 118451K [0x000000008a200000, 0x0000000100000000)
  region size 1024K, 74 young (75776K), 5 survivors (5120K)
 Metaspace       used 94343K, committed 95168K, reserved 1179648K
  class space    used 12309K, committed 12672K, reserved 1048576K
}
Event: 1593.082 GC heap after
{Heap after GC invocations=42 (full 6):
 garbage-first heap   total 137216K, used 48812K [0x000000008a200000, 0x0000000100000000)
  region size 1024K, 7 young (7168K), 7 survivors (7168K)
 Metaspace       used 94343K, committed 95168K, reserved 1179648K
  class space    used 12309K, committed 12672K, reserved 1048576K
}
Event: 2297.046 GC heap before
{Heap before GC invocations=42 (full 6):
 garbage-first heap   total 137216K, used 89772K [0x000000008a200000, 0x0000000100000000)
  region size 1024K, 48 young (49152K), 7 survivors (7168K)
 Metaspace       used 94357K, committed 95168K, reserved 1179648K
  class space    used 12311K, committed 12672K, reserved 1048576K
}
Event: 2297.143 GC heap after
{Heap after GC invocations=43 (full 7):
 garbage-first heap   total 137216K, used 37718K [0x000000008a200000, 0x0000000100000000)
  region size 1024K, 0 young (0K), 0 survivors (0K)
 Metaspace       used 94129K, committed 95168K, reserved 1179648K
  class space    used 12255K, committed 12672K, reserved 1048576K
}
Event: 2299.004 GC heap before
{Heap before GC invocations=43 (full 7):
 garbage-first heap   total 137216K, used 117590K [0x000000008a200000, 0x0000000100000000)
  region size 1024K, 77 young (78848K), 0 survivors (0K)
 Metaspace       used 94412K, committed 95232K, reserved 1179648K
  class space    used 12312K, committed 12672K, reserved 1048576K
}
Event: 2299.011 GC heap after
{Heap after GC invocations=44 (full 7):
 garbage-first heap   total 137216K, used 44545K [0x000000008a200000, 0x0000000100000000)
  region size 1024K, 7 young (7168K), 7 survivors (7168K)
 Metaspace       used 94412K, committed 95232K, reserved 1179648K
  class space    used 12312K, committed 12672K, reserved 1048576K
}
Event: 2308.053 GC heap before
{Heap before GC invocations=44 (full 7):
 garbage-first heap   total 137216K, used 96769K [0x000000008a200000, 0x0000000100000000)
  region size 1024K, 59 young (60416K), 7 survivors (7168K)
 Metaspace       used 95003K, committed 95872K, reserved 1179648K
  class space    used 12390K, committed 12800K, reserved 1048576K
}
Event: 2308.113 GC heap after
{Heap after GC invocations=45 (full 8):
 garbage-first heap   total 137216K, used 40731K [0x000000008a200000, 0x0000000100000000)
  region size 1024K, 0 young (0K), 0 survivors (0K)
 Metaspace       used 94898K, committed 95872K, reserved 1179648K
  class space    used 12365K, committed 12800K, reserved 1048576K
}
Event: 2308.840 GC heap before
{Heap before GC invocations=45 (full 8):
 garbage-first heap   total 137216K, used 102171K [0x000000008a200000, 0x0000000100000000)
  region size 1024K, 61 young (62464K), 0 survivors (0K)
 Metaspace       used 95043K, committed 95936K, reserved 1179648K
  class space    used 12388K, committed 12800K, reserved 1048576K
}
Event: 2308.844 GC heap after
{Heap after GC invocations=46 (full 8):
 garbage-first heap   total 137216K, used 45795K [0x000000008a200000, 0x0000000100000000)
  region size 1024K, 5 young (5120K), 5 survivors (5120K)
 Metaspace       used 95043K, committed 95936K, reserved 1179648K
  class space    used 12388K, committed 12800K, reserved 1048576K
}
Event: 2342.864 GC heap before
{Heap before GC invocations=46 (full 8):
 garbage-first heap   total 137216K, used 116451K [0x000000008a200000, 0x0000000100000000)
  region size 1024K, 74 young (75776K), 5 survivors (5120K)
 Metaspace       used 95511K, committed 96384K, reserved 1179648K
  class space    used 12461K, committed 12864K, reserved 1048576K
}
Event: 2342.869 GC heap after
{Heap after GC invocations=47 (full 8):
 garbage-first heap   total 137216K, used 48685K [0x000000008a200000, 0x0000000100000000)
  region size 1024K, 8 young (8192K), 8 survivors (8192K)
 Metaspace       used 95511K, committed 96384K, reserved 1179648K
  class space    used 12461K, committed 12864K, reserved 1048576K
}

