# JRE version: OpenJDK Runtime Environment Temurin-21.0.3+9 (21.0.3+9) (build 21.0.3+9-LTS)
# Java VM: OpenJDK 64-Bit Server VM Temurin-21.0.3+9 (21.0.3+9-LTS, mixed mode, emulated-client, tiered, compressed oops, compressed class ptrs, g1 gc, windows-amd64)
GC Precious Log:
 CardTable entry size: 512
 Card Set container configuration: InlinePtr #cards 5 size 8 Array Of Cards #cards 12 size 40 Howl #buckets 4 coarsen threshold 1843 Howl Bitmap #cards 512 size 80 coarsen threshold 460 Card regions per heap region 1 cards per card region 2048
 CPUs: 12 total, 12 available
 Memory: 7539M
 Large Page Support: Disabled
 NUMA Support: Disabled
 Compressed Oops: Enabled (32-bit)
 Heap Region Size: 1M
 Heap Min Capacity: 8M
 Heap Initial Capacity: 118M
 Heap Max Capacity: 1886M
 Pre-touch: Disabled
 Parallel Workers: 10
 Concurrent Workers: 3
 Concurrent Refinement Workers: 10
 Periodic GC: Disabled
Heap:
 garbage-first heap   total 118784K, used 96712K [0x000000008a200000, 0x0000000100000000)
  region size 1024K, 53 young (54272K), 5 survivors (5120K)
 Metaspace       used 95237K, committed 96000K, reserved 1179648K
  class space    used 12506K, committed 12864K, reserved 1048576K
GC Heap History (20 events):
Event: 412.140 GC heap before
{Heap before GC invocations=31 (full 0):
 garbage-first heap   total 118784K, used 103346K [0x000000008a200000, 0x0000000100000000)
  region size 1024K, 59 young (60416K), 6 survivors (6144K)
 Metaspace       used 92023K, committed 92864K, reserved 1179648K
  class space    used 12153K, committed 12544K, reserved 1048576K
}
Event: 412.161 GC heap after
{Heap after GC invocations=32 (full 0):
 garbage-first heap   total 118784K, used 50402K [0x000000008a200000, 0x0000000100000000)
  region size 1024K, 5 young (5120K), 5 survivors (5120K)
 Metaspace       used 92023K, committed 92864K, reserved 1179648K
  class space    used 12153K, committed 12544K, reserved 1048576K
}
Event: 594.117 GC heap before
{Heap before GC invocations=32 (full 0):
 garbage-first heap   total 118784K, used 62690K [0x000000008a200000, 0x0000000100000000)
  region size 1024K, 18 young (18432K), 5 survivors (5120K)
 Metaspace       used 92132K, committed 93056K, reserved 1179648K
  class space    used 12185K, committed 12608K, reserved 1048576K
}
Event: 594.229 GC heap after
{Heap after GC invocations=33 (full 1):
 garbage-first heap   total 118784K, used 36991K [0x000000008a200000, 0x0000000100000000)
  region size 1024K, 0 young (0K), 0 survivors (0K)
 Metaspace       used 91638K, committed 93056K, reserved 1179648K
  class space    used 12060K, committed 12608K, reserved 1048576K
}
Event: 598.630 GC heap before
{Heap before GC invocations=33 (full 1):
 garbage-first heap   total 118784K, used 98431K [0x000000008a200000, 0x0000000100000000)
  region size 1024K, 62 young (63488K), 0 survivors (0K)
 Metaspace       used 91846K, committed 93120K, reserved 1179648K
  class space    used 12101K, committed 12608K, reserved 1048576K
}
Event: 598.641 GC heap after
{Heap after GC invocations=34 (full 1):
 garbage-first heap   total 118784K, used 43114K [0x000000008a200000, 0x0000000100000000)
  region size 1024K, 6 young (6144K), 6 survivors (6144K)
 Metaspace       used 91846K, committed 93120K, reserved 1179648K
  class space    used 12101K, committed 12608K, reserved 1048576K
}
Event: 599.700 GC heap before
{Heap before GC invocations=35 (full 1):
 garbage-first heap   total 118784K, used 103530K [0x000000008a200000, 0x0000000100000000)
  region size 1024K, 63 young (64512K), 6 survivors (6144K)
 Metaspace       used 92367K, committed 93248K, reserved 1179648K
  class space    used 12166K, committed 12608K, reserved 1048576K
}
Event: 599.710 GC heap after
{Heap after GC invocations=36 (full 1):
 garbage-first heap   total 118784K, used 47521K [0x000000008a200000, 0x0000000100000000)
  region size 1024K, 6 young (6144K), 6 survivors (6144K)
 Metaspace       used 92367K, committed 93248K, reserved 1179648K
  class space    used 12166K, committed 12608K, reserved 1048576K
}
Event: 604.033 GC heap before
{Heap before GC invocations=36 (full 1):
 garbage-first heap   total 118784K, used 54689K [0x000000008a200000, 0x0000000100000000)
  region size 1024K, 14 young (14336K), 6 survivors (6144K)
 Metaspace       used 92508K, committed 93376K, reserved 1179648K
  class space    used 12194K, committed 12608K, reserved 1048576K
}
Event: 604.096 GC heap after
{Heap after GC invocations=37 (full 2):
 garbage-first heap   total 118784K, used 40053K [0x000000008a200000, 0x0000000100000000)
  region size 1024K, 0 young (0K), 0 survivors (0K)
 Metaspace       used 92397K, committed 93376K, reserved 1179648K
  class space    used 12168K, committed 12608K, reserved 1048576K
}
Event: 605.122 GC heap before
{Heap before GC invocations=37 (full 2):
 garbage-first heap   total 118784K, used 97397K [0x000000008a200000, 0x0000000100000000)
  region size 1024K, 58 young (59392K), 0 survivors (0K)
 Metaspace       used 92507K, committed 93376K, reserved 1179648K
  class space    used 12183K, committed 12608K, reserved 1048576K
}
Event: 605.128 GC heap after
{Heap after GC invocations=38 (full 2):
 garbage-first heap   total 118784K, used 44969K [0x000000008a200000, 0x0000000100000000)
  region size 1024K, 5 young (5120K), 5 survivors (5120K)
 Metaspace       used 92507K, committed 93376K, reserved 1179648K
  class space    used 12183K, committed 12608K, reserved 1048576K
}
Event: 606.101 GC heap before
{Heap before GC invocations=39 (full 2):
 garbage-first heap   total 118784K, used 104361K [0x000000008a200000, 0x0000000100000000)
  region size 1024K, 61 young (62464K), 5 survivors (5120K)
 Metaspace       used 92882K, committed 93760K, reserved 1179648K
  class space    used 12210K, committed 12608K, reserved 1048576K
}
Event: 606.108 GC heap after
{Heap after GC invocations=40 (full 2):
 garbage-first heap   total 118784K, used 46975K [0x000000008a200000, 0x0000000100000000)
  region size 1024K, 4 young (4096K), 4 survivors (4096K)
 Metaspace       used 92882K, committed 93760K, reserved 1179648K
  class space    used 12210K, committed 12608K, reserved 1048576K
}
Event: 760.073 GC heap before
{Heap before GC invocations=40 (full 2):
 garbage-first heap   total 118784K, used 61311K [0x000000008a200000, 0x0000000100000000)
  region size 1024K, 19 young (19456K), 4 survivors (4096K)
 Metaspace       used 93169K, committed 94016K, reserved 1179648K
  class space    used 12233K, committed 12608K, reserved 1048576K
}
Event: 760.160 GC heap after
{Heap after GC invocations=41 (full 3):
 garbage-first heap   total 118784K, used 41514K [0x000000008a200000, 0x0000000100000000)
  region size 1024K, 0 young (0K), 0 survivors (0K)
 Metaspace       used 93166K, committed 94016K, reserved 1179648K
  class space    used 12233K, committed 12608K, reserved 1048576K
}
Event: 761.293 GC heap before
{Heap before GC invocations=41 (full 3):
 garbage-first heap   total 118784K, used 98858K [0x000000008a200000, 0x0000000100000000)
  region size 1024K, 58 young (59392K), 0 survivors (0K)
 Metaspace       used 93279K, committed 94080K, reserved 1179648K
  class space    used 12250K, committed 12608K, reserved 1048576K
}
Event: 761.299 GC heap after
{Heap after GC invocations=42 (full 3):
 garbage-first heap   total 118784K, used 46543K [0x000000008a200000, 0x0000000100000000)
  region size 1024K, 5 young (5120K), 5 survivors (5120K)
 Metaspace       used 93279K, committed 94080K, reserved 1179648K
  class space    used 12250K, committed 12608K, reserved 1048576K
}
Event: 763.856 GC heap before
{Heap before GC invocations=43 (full 3):
 garbage-first heap   total 118784K, used 105935K [0x000000008a200000, 0x0000000100000000)
  region size 1024K, 61 young (62464K), 5 survivors (5120K)
 Metaspace       used 93499K, committed 94400K, reserved 1179648K
  class space    used 12244K, committed 12672K, reserved 1048576K
}
Event: 763.863 GC heap after
{Heap after GC invocations=44 (full 3):
 garbage-first heap   total 118784K, used 49608K [0x000000008a200000, 0x0000000100000000)
  region size 1024K, 5 young (5120K), 5 survivors (5120K)
 Metaspace       used 93499K, committed 94400K, reserved 1179648K
  class space    used 12244K, committed 12672K, reserved 1048576K
}

