# JRE version: OpenJDK Runtime Environment Temurin-21.0.3+9 (21.0.3+9) (build 21.0.3+9-LTS)
# Java VM: OpenJDK 64-Bit Server VM Temurin-21.0.3+9 (21.0.3+9-LTS, mixed mode, emulated-client, tiered, compressed oops, compressed class ptrs, g1 gc, windows-amd64)
GC Precious Log:
 CardTable entry size: 512
 Card Set container configuration: InlinePtr #cards 5 size 8 Array Of Cards #cards 12 size 40 Howl #buckets 4 coarsen threshold 1843 Howl Bitmap #cards 512 size 80 coarsen threshold 460 Card regions per heap region 1 cards per card region 2048
 CPUs: 12 total, 12 available
 Memory: 7539M
 Large Page Support: Disabled
 NUMA Support: Disabled
 Compressed Oops: Enabled (32-bit)
 Heap Region Size: 1M
 Heap Min Capacity: 8M
 Heap Initial Capacity: 118M
 Heap Max Capacity: 1886M
 Pre-touch: Disabled
 Parallel Workers: 10
 Concurrent Workers: 3
 Concurrent Refinement Workers: 10
 Periodic GC: Disabled
Heap:
 garbage-first heap   total 126976K, used 47705K [0x000000008a200000, 0x0000000100000000)
  region size 1024K, 12 young (12288K), 7 survivors (7168K)
 Metaspace       used 92089K, committed 93056K, reserved 1179648K
  class space    used 12215K, committed 12608K, reserved 1048576K
GC Heap History (20 events):
Event: 261.876 GC heap before
{Heap before GC invocations=45 (full 7):
 garbage-first heap   total 126976K, used 87309K [0x000000008a200000, 0x0000000100000000)
  region size 1024K, 51 young (52224K), 0 survivors (0K)
 Metaspace       used 90530K, committed 91328K, reserved 1179648K
  class space    used 12091K, committed 12480K, reserved 1048576K
}
Event: 261.881 GC heap after
{Heap after GC invocations=46 (full 7):
 garbage-first heap   total 126976K, used 42063K [0x000000008a200000, 0x0000000100000000)
  region size 1024K, 5 young (5120K), 5 survivors (5120K)
 Metaspace       used 90530K, committed 91328K, reserved 1179648K
  class space    used 12091K, committed 12480K, reserved 1048576K
}
Event: 266.833 GC heap before
{Heap before GC invocations=47 (full 7):
 garbage-first heap   total 126976K, used 95311K [0x000000008a200000, 0x0000000100000000)
  region size 1024K, 57 young (58368K), 5 survivors (5120K)
 Metaspace       used 90818K, committed 91648K, reserved 1179648K
  class space    used 12111K, committed 12480K, reserved 1048576K
}
Event: 266.900 GC heap after
{Heap after GC invocations=48 (full 8):
 garbage-first heap   total 126976K, used 37349K [0x000000008a200000, 0x0000000100000000)
  region size 1024K, 0 young (0K), 0 survivors (0K)
 Metaspace       used 90778K, committed 91648K, reserved 1179648K
  class space    used 12100K, committed 12480K, reserved 1048576K
}
Event: 267.671 GC heap before
{Heap before GC invocations=48 (full 8):
 garbage-first heap   total 126976K, used 88549K [0x000000008a200000, 0x0000000100000000)
  region size 1024K, 51 young (52224K), 0 survivors (0K)
 Metaspace       used 90807K, committed 91648K, reserved 1179648K
  class space    used 12106K, committed 12480K, reserved 1048576K
}
Event: 267.675 GC heap after
{Heap after GC invocations=49 (full 8):
 garbage-first heap   total 126976K, used 41926K [0x000000008a200000, 0x0000000100000000)
  region size 1024K, 5 young (5120K), 5 survivors (5120K)
 Metaspace       used 90807K, committed 91648K, reserved 1179648K
  class space    used 12106K, committed 12480K, reserved 1048576K
}
Event: 430.458 GC heap before
{Heap before GC invocations=50 (full 8):
 garbage-first heap   total 126976K, used 103366K [0x000000008a200000, 0x0000000100000000)
  region size 1024K, 65 young (66560K), 5 survivors (5120K)
 Metaspace       used 91232K, committed 92160K, reserved 1179648K
  class space    used 12155K, committed 12544K, reserved 1048576K
}
Event: 430.528 GC heap after
{Heap after GC invocations=51 (full 9):
 garbage-first heap   total 126976K, used 38361K [0x000000008a200000, 0x0000000100000000)
  region size 1024K, 0 young (0K), 0 survivors (0K)
 Metaspace       used 91222K, committed 92160K, reserved 1179648K
  class space    used 12153K, committed 12544K, reserved 1048576K
}
Event: 431.444 GC heap before
{Heap before GC invocations=51 (full 9):
 garbage-first heap   total 126976K, used 88537K [0x000000008a200000, 0x0000000100000000)
  region size 1024K, 51 young (52224K), 0 survivors (0K)
 Metaspace       used 91251K, committed 92160K, reserved 1179648K
  class space    used 12158K, committed 12544K, reserved 1048576K
}
Event: 431.449 GC heap after
{Heap after GC invocations=52 (full 9):
 garbage-first heap   total 126976K, used 42932K [0x000000008a200000, 0x0000000100000000)
  region size 1024K, 5 young (5120K), 5 survivors (5120K)
 Metaspace       used 91251K, committed 92160K, reserved 1179648K
  class space    used 12158K, committed 12544K, reserved 1048576K
}
Event: 447.766 GC heap before
{Heap before GC invocations=53 (full 9):
 garbage-first heap   total 126976K, used 99252K [0x000000008a200000, 0x0000000100000000)
  region size 1024K, 60 young (61440K), 5 survivors (5120K)
 Metaspace       used 91404K, committed 92288K, reserved 1179648K
  class space    used 12147K, committed 12544K, reserved 1048576K
}
Event: 447.858 GC heap after
{Heap after GC invocations=54 (full 10):
 garbage-first heap   total 126976K, used 36406K [0x000000008a200000, 0x0000000100000000)
  region size 1024K, 0 young (0K), 0 survivors (0K)
 Metaspace       used 91368K, committed 92288K, reserved 1179648K
  class space    used 12140K, committed 12544K, reserved 1048576K
}
Event: 448.691 GC heap before
{Heap before GC invocations=54 (full 10):
 garbage-first heap   total 126976K, used 86582K [0x000000008a200000, 0x0000000100000000)
  region size 1024K, 51 young (52224K), 0 survivors (0K)
 Metaspace       used 91397K, committed 92288K, reserved 1179648K
  class space    used 12145K, committed 12544K, reserved 1048576K
}
Event: 448.695 GC heap after
{Heap after GC invocations=55 (full 10):
 garbage-first heap   total 126976K, used 41099K [0x000000008a200000, 0x0000000100000000)
  region size 1024K, 5 young (5120K), 5 survivors (5120K)
 Metaspace       used 91397K, committed 92288K, reserved 1179648K
  class space    used 12145K, committed 12544K, reserved 1048576K
}
Event: 465.903 GC heap before
{Heap before GC invocations=56 (full 10):
 garbage-first heap   total 126976K, used 93323K [0x000000008a200000, 0x0000000100000000)
  region size 1024K, 56 young (57344K), 5 survivors (5120K)
 Metaspace       used 91695K, committed 92608K, reserved 1179648K
  class space    used 12168K, committed 12544K, reserved 1048576K
}
Event: 465.980 GC heap after
{Heap after GC invocations=57 (full 11):
 garbage-first heap   total 126976K, used 36645K [0x000000008a200000, 0x0000000100000000)
  region size 1024K, 0 young (0K), 0 survivors (0K)
 Metaspace       used 91692K, committed 92608K, reserved 1179648K
  class space    used 12168K, committed 12544K, reserved 1048576K
}
Event: 466.870 GC heap before
{Heap before GC invocations=57 (full 11):
 garbage-first heap   total 126976K, used 86821K [0x000000008a200000, 0x0000000100000000)
  region size 1024K, 51 young (52224K), 0 survivors (0K)
 Metaspace       used 91719K, committed 92608K, reserved 1179648K
  class space    used 12173K, committed 12544K, reserved 1048576K
}
Event: 466.875 GC heap after
{Heap after GC invocations=58 (full 11):
 garbage-first heap   total 126976K, used 41348K [0x000000008a200000, 0x0000000100000000)
  region size 1024K, 5 young (5120K), 5 survivors (5120K)
 Metaspace       used 91719K, committed 92608K, reserved 1179648K
  class space    used 12173K, committed 12544K, reserved 1048576K
}
Event: 719.506 GC heap before
{Heap before GC invocations=59 (full 11):
 garbage-first heap   total 126976K, used 110980K [0x000000008a200000, 0x0000000100000000)
  region size 1024K, 68 young (69632K), 5 survivors (5120K)
 Metaspace       used 92039K, committed 92992K, reserved 1179648K
  class space    used 12204K, committed 12608K, reserved 1048576K
}
Event: 719.514 GC heap after
{Heap after GC invocations=60 (full 11):
 garbage-first heap   total 126976K, used 43609K [0x000000008a200000, 0x0000000100000000)
  region size 1024K, 7 young (7168K), 7 survivors (7168K)
 Metaspace       used 92039K, committed 92992K, reserved 1179648K
  class space    used 12204K, committed 12608K, reserved 1048576K
}

