# JRE version: OpenJDK Runtime Environment Temurin-21.0.3+9 (21.0.3+9) (build 21.0.3+9-LTS)
# Java VM: OpenJDK 64-Bit Server VM Temurin-21.0.3+9 (21.0.3+9-LTS, mixed mode, emulated-client, tiered, compressed oops, compressed class ptrs, g1 gc, windows-amd64)
GC Precious Log:
 CardTable entry size: 512
 Card Set container configuration: InlinePtr #cards 5 size 8 Array Of Cards #cards 12 size 40 Howl #buckets 4 coarsen threshold 1843 Howl Bitmap #cards 512 size 80 coarsen threshold 460 Card regions per heap region 1 cards per card region 2048
 CPUs: 12 total, 12 available
 Memory: 7539M
 Large Page Support: Disabled
 NUMA Support: Disabled
 Compressed Oops: Enabled (32-bit)
 Heap Region Size: 1M
 Heap Min Capacity: 8M
 Heap Initial Capacity: 118M
 Heap Max Capacity: 1886M
 Pre-touch: Disabled
 Parallel Workers: 10
 Concurrent Workers: 3
 Concurrent Refinement Workers: 10
 Periodic GC: Disabled
Heap:
 garbage-first heap   total 140288K, used 88290K [0x000000008a200000, 0x0000000100000000)
  region size 1024K, 47 young (48128K), 5 survivors (5120K)
 Metaspace       used 95134K, committed 95936K, reserved 1179648K
  class space    used 12300K, committed 12672K, reserved 1048576K
GC Heap History (20 events):
Event: 230.019 GC heap before
{Heap before GC invocations=43 (full 5):
 garbage-first heap   total 140288K, used 50954K [0x000000008a200000, 0x0000000100000000)
  region size 1024K, 9 young (9216K), 4 survivors (4096K)
 Metaspace       used 93115K, committed 93952K, reserved 1179648K
  class space    used 12132K, committed 12544K, reserved 1048576K
}
Event: 230.062 GC heap after
{Heap after GC invocations=44 (full 6):
 garbage-first heap   total 140288K, used 40541K [0x000000008a200000, 0x0000000100000000)
  region size 1024K, 0 young (0K), 0 survivors (0K)
 Metaspace       used 93112K, committed 93952K, reserved 1179648K
  class space    used 12132K, committed 12544K, reserved 1048576K
}
Event: 230.622 GC heap before
{Heap before GC invocations=44 (full 6):
 garbage-first heap   total 140288K, used 98909K [0x000000008a200000, 0x0000000100000000)
  region size 1024K, 57 young (58368K), 0 survivors (0K)
 Metaspace       used 93193K, committed 94016K, reserved 1179648K
  class space    used 12144K, committed 12544K, reserved 1048576K
}
Event: 230.626 GC heap after
{Heap after GC invocations=45 (full 6):
 garbage-first heap   total 140288K, used 44736K [0x000000008a200000, 0x0000000100000000)
  region size 1024K, 5 young (5120K), 5 survivors (5120K)
 Metaspace       used 93193K, committed 94016K, reserved 1179648K
  class space    used 12144K, committed 12544K, reserved 1048576K
}
Event: 235.502 GC heap before
{Heap before GC invocations=45 (full 6):
 garbage-first heap   total 140288K, used 101056K [0x000000008a200000, 0x0000000100000000)
  region size 1024K, 60 young (61440K), 5 survivors (5120K)
 Metaspace       used 93524K, committed 94336K, reserved 1179648K
  class space    used 12166K, committed 12544K, reserved 1048576K
}
Event: 235.556 GC heap after
{Heap after GC invocations=46 (full 7):
 garbage-first heap   total 140288K, used 40834K [0x000000008a200000, 0x0000000100000000)
  region size 1024K, 0 young (0K), 0 survivors (0K)
 Metaspace       used 93521K, committed 94336K, reserved 1179648K
  class space    used 12166K, committed 12544K, reserved 1048576K
}
Event: 236.139 GC heap before
{Heap before GC invocations=46 (full 7):
 garbage-first heap   total 140288K, used 105346K [0x000000008a200000, 0x0000000100000000)
  region size 1024K, 62 young (63488K), 0 survivors (0K)
 Metaspace       used 93603K, committed 94400K, reserved 1179648K
  class space    used 12178K, committed 12544K, reserved 1048576K
}
Event: 236.142 GC heap after
{Heap after GC invocations=47 (full 7):
 garbage-first heap   total 140288K, used 44738K [0x000000008a200000, 0x0000000100000000)
  region size 1024K, 4 young (4096K), 4 survivors (4096K)
 Metaspace       used 93603K, committed 94400K, reserved 1179648K
  class space    used 12178K, committed 12544K, reserved 1048576K
}
Event: 240.947 GC heap before
{Heap before GC invocations=47 (full 7):
 garbage-first heap   total 140288K, used 93890K [0x000000008a200000, 0x0000000100000000)
  region size 1024K, 53 young (54272K), 4 survivors (4096K)
 Metaspace       used 93913K, committed 94720K, reserved 1179648K
  class space    used 12198K, committed 12608K, reserved 1048576K
}
Event: 240.991 GC heap after
{Heap after GC invocations=48 (full 8):
 garbage-first heap   total 140288K, used 41117K [0x000000008a200000, 0x0000000100000000)
  region size 1024K, 0 young (0K), 0 survivors (0K)
 Metaspace       used 93910K, committed 94720K, reserved 1179648K
  class space    used 12197K, committed 12608K, reserved 1048576K
}
Event: 241.543 GC heap before
{Heap before GC invocations=48 (full 8):
 garbage-first heap   total 140288K, used 106653K [0x000000008a200000, 0x0000000100000000)
  region size 1024K, 63 young (64512K), 0 survivors (0K)
 Metaspace       used 93994K, committed 94784K, reserved 1179648K
  class space    used 12212K, committed 12608K, reserved 1048576K
}
Event: 241.546 GC heap after
{Heap after GC invocations=49 (full 8):
 garbage-first heap   total 140288K, used 45211K [0x000000008a200000, 0x0000000100000000)
  region size 1024K, 4 young (4096K), 4 survivors (4096K)
 Metaspace       used 93994K, committed 94784K, reserved 1179648K
  class space    used 12212K, committed 12608K, reserved 1048576K
}
Event: 249.359 GC heap before
{Heap before GC invocations=49 (full 8):
 garbage-first heap   total 140288K, used 94363K [0x000000008a200000, 0x0000000100000000)
  region size 1024K, 53 young (54272K), 4 survivors (4096K)
 Metaspace       used 94301K, committed 95104K, reserved 1179648K
  class space    used 12233K, committed 12608K, reserved 1048576K
}
Event: 249.406 GC heap after
{Heap after GC invocations=50 (full 9):
 garbage-first heap   total 140288K, used 41397K [0x000000008a200000, 0x0000000100000000)
  region size 1024K, 0 young (0K), 0 survivors (0K)
 Metaspace       used 94299K, committed 95104K, reserved 1179648K
  class space    used 12232K, committed 12608K, reserved 1048576K
}
Event: 250.006 GC heap before
{Heap before GC invocations=50 (full 9):
 garbage-first heap   total 140288K, used 110005K [0x000000008a200000, 0x0000000100000000)
  region size 1024K, 66 young (67584K), 0 survivors (0K)
 Metaspace       used 94394K, committed 95168K, reserved 1179648K
  class space    used 12249K, committed 12608K, reserved 1048576K
}
Event: 250.010 GC heap after
{Heap after GC invocations=51 (full 9):
 garbage-first heap   total 140288K, used 45493K [0x000000008a200000, 0x0000000100000000)
  region size 1024K, 4 young (4096K), 4 survivors (4096K)
 Metaspace       used 94394K, committed 95168K, reserved 1179648K
  class space    used 12249K, committed 12608K, reserved 1048576K
}
Event: 258.797 GC heap before
{Heap before GC invocations=51 (full 9):
 garbage-first heap   total 140288K, used 90549K [0x000000008a200000, 0x0000000100000000)
  region size 1024K, 50 young (51200K), 4 survivors (4096K)
 Metaspace       used 94706K, committed 95488K, reserved 1179648K
  class space    used 12268K, committed 12608K, reserved 1048576K
}
Event: 258.846 GC heap after
{Heap after GC invocations=52 (full 10):
 garbage-first heap   total 140288K, used 41674K [0x000000008a200000, 0x0000000100000000)
  region size 1024K, 0 young (0K), 0 survivors (0K)
 Metaspace       used 94701K, committed 95488K, reserved 1179648K
  class space    used 12267K, committed 12608K, reserved 1048576K
}
Event: 259.440 GC heap before
{Heap before GC invocations=52 (full 10):
 garbage-first heap   total 140288K, used 114378K [0x000000008a200000, 0x0000000100000000)
  region size 1024K, 70 young (71680K), 0 survivors (0K)
 Metaspace       used 94799K, committed 95616K, reserved 1179648K
  class space    used 12280K, committed 12672K, reserved 1048576K
}
Event: 259.443 GC heap after
{Heap after GC invocations=53 (full 10):
 garbage-first heap   total 140288K, used 46306K [0x000000008a200000, 0x0000000100000000)
  region size 1024K, 5 young (5120K), 5 survivors (5120K)
 Metaspace       used 94799K, committed 95616K, reserved 1179648K
  class space    used 12280K, committed 12672K, reserved 1048576K
}

