# JRE version: OpenJDK Runtime Environment Temurin-21.0.3+9 (21.0.3+9) (build 21.0.3+9-LTS)
# Java VM: OpenJDK 64-Bit Server VM Temurin-21.0.3+9 (21.0.3+9-LTS, mixed mode, emulated-client, tiered, compressed oops, compressed class ptrs, g1 gc, windows-amd64)
GC Precious Log:
 CardTable entry size: 512
 Card Set container configuration: InlinePtr #cards 5 size 8 Array Of Cards #cards 12 size 40 Howl #buckets 4 coarsen threshold 1843 Howl Bitmap #cards 512 size 80 coarsen threshold 460 Card regions per heap region 1 cards per card region 2048
 CPUs: 12 total, 12 available
 Memory: 7539M
 Large Page Support: Disabled
 NUMA Support: Disabled
 Compressed Oops: Enabled (32-bit)
 Heap Region Size: 1M
 Heap Min Capacity: 8M
 Heap Initial Capacity: 118M
 Heap Max Capacity: 1886M
 Pre-touch: Disabled
 Parallel Workers: 10
 Concurrent Workers: 3
 Concurrent Refinement Workers: 10
 Periodic GC: Disabled
Heap:
 garbage-first heap   total 177152K, used 130088K [0x000000008a200000, 0x0000000100000000)
  region size 1024K, 74 young (75776K), 10 survivors (10240K)
 Metaspace       used 111754K, committed 113024K, reserved 1179648K
  class space    used 14404K, committed 14976K, reserved 1048576K
GC Heap History (20 events):
Event: 2939.133 GC heap before
{Heap before GC invocations=165 (full 29):
 garbage-first heap   total 177152K, used 148273K [0x000000008a200000, 0x0000000100000000)
  region size 1024K, 81 young (82944K), 0 survivors (0K)
 Metaspace       used 110220K, committed 111552K, reserved 1179648K
  class space    used 14242K, committed 14848K, reserved 1048576K
}
Event: 2939.139 GC heap after
{Heap after GC invocations=166 (full 29):
 garbage-first heap   total 177152K, used 73747K [0x000000008a200000, 0x0000000100000000)
  region size 1024K, 7 young (7168K), 7 survivors (7168K)
 Metaspace       used 110220K, committed 111552K, reserved 1179648K
  class space    used 14242K, committed 14848K, reserved 1048576K
}
Event: 2940.200 GC heap before
{Heap before GC invocations=167 (full 29):
 garbage-first heap   total 177152K, used 156691K [0x000000008a200000, 0x0000000100000000)
  region size 1024K, 87 young (89088K), 7 survivors (7168K)
 Metaspace       used 110605K, committed 111936K, reserved 1179648K
  class space    used 14272K, committed 14848K, reserved 1048576K
}
Event: 2940.212 GC heap after
{Heap after GC invocations=168 (full 29):
 garbage-first heap   total 177152K, used 76767K [0x000000008a200000, 0x0000000100000000)
  region size 1024K, 6 young (6144K), 6 survivors (6144K)
 Metaspace       used 110605K, committed 111936K, reserved 1179648K
  class space    used 14272K, committed 14848K, reserved 1048576K
}
Event: 2973.454 GC heap before
{Heap before GC invocations=168 (full 29):
 garbage-first heap   total 177152K, used 156639K [0x000000008a200000, 0x0000000100000000)
  region size 1024K, 84 young (86016K), 6 survivors (6144K)
 Metaspace       used 110715K, committed 112000K, reserved 1179648K
  class space    used 14298K, committed 14848K, reserved 1048576K
}
Event: 2973.463 GC heap after
{Heap after GC invocations=169 (full 29):
 garbage-first heap   total 177152K, used 77392K [0x000000008a200000, 0x0000000100000000)
  region size 1024K, 6 young (6144K), 6 survivors (6144K)
 Metaspace       used 110715K, committed 112000K, reserved 1179648K
  class space    used 14298K, committed 14848K, reserved 1048576K
}
Event: 3149.383 GC heap before
{Heap before GC invocations=169 (full 29):
 garbage-first heap   total 177152K, used 100944K [0x000000008a200000, 0x0000000100000000)
  region size 1024K, 30 young (30720K), 6 survivors (6144K)
 Metaspace       used 110899K, committed 112192K, reserved 1179648K
  class space    used 14333K, committed 14912K, reserved 1048576K
}
Event: 3149.548 GC heap after
{Heap after GC invocations=170 (full 30):
 garbage-first heap   total 177152K, used 72611K [0x000000008a200000, 0x0000000100000000)
  region size 1024K, 0 young (0K), 0 survivors (0K)
 Metaspace       used 110871K, committed 112192K, reserved 1179648K
  class space    used 14328K, committed 14912K, reserved 1048576K
}
Event: 3151.095 GC heap before
{Heap before GC invocations=170 (full 30):
 garbage-first heap   total 177152K, used 154531K [0x000000008a200000, 0x0000000100000000)
  region size 1024K, 81 young (82944K), 0 survivors (0K)
 Metaspace       used 110931K, committed 112256K, reserved 1179648K
  class space    used 14338K, committed 14912K, reserved 1048576K
}
Event: 3151.101 GC heap after
{Heap after GC invocations=171 (full 30):
 garbage-first heap   total 177152K, used 78915K [0x000000008a200000, 0x0000000100000000)
  region size 1024K, 7 young (7168K), 7 survivors (7168K)
 Metaspace       used 110931K, committed 112256K, reserved 1179648K
  class space    used 14338K, committed 14912K, reserved 1048576K
}
Event: 3153.532 GC heap before
{Heap before GC invocations=172 (full 30):
 garbage-first heap   total 177152K, used 156739K [0x000000008a200000, 0x0000000100000000)
  region size 1024K, 82 young (83968K), 7 survivors (7168K)
 Metaspace       used 111168K, committed 112448K, reserved 1179648K
  class space    used 14339K, committed 14912K, reserved 1048576K
}
Event: 3153.543 GC heap after
{Heap after GC invocations=173 (full 30):
 garbage-first heap   total 177152K, used 82137K [0x000000008a200000, 0x0000000100000000)
  region size 1024K, 6 young (6144K), 6 survivors (6144K)
 Metaspace       used 111168K, committed 112448K, reserved 1179648K
  class space    used 14339K, committed 14912K, reserved 1048576K
}
Event: 3154.561 GC heap before
{Heap before GC invocations=173 (full 30):
 garbage-first heap   total 177152K, used 156889K [0x000000008a200000, 0x0000000100000000)
  region size 1024K, 79 young (80896K), 6 survivors (6144K)
 Metaspace       used 111177K, committed 112448K, reserved 1179648K
  class space    used 14341K, committed 14912K, reserved 1048576K
}
Event: 3154.571 GC heap after
{Heap after GC invocations=174 (full 30):
 garbage-first heap   total 177152K, used 69294K [0x000000008a200000, 0x0000000100000000)
  region size 1024K, 7 young (7168K), 7 survivors (7168K)
 Metaspace       used 111177K, committed 112448K, reserved 1179648K
  class space    used 14341K, committed 14912K, reserved 1048576K
}
Event: 3222.362 GC heap before
{Heap before GC invocations=174 (full 30):
 garbage-first heap   total 177152K, used 84654K [0x000000008a200000, 0x0000000100000000)
  region size 1024K, 23 young (23552K), 7 survivors (7168K)
 Metaspace       used 111281K, committed 112640K, reserved 1179648K
  class space    used 14362K, committed 14976K, reserved 1048576K
}
Event: 3222.505 GC heap after
{Heap after GC invocations=175 (full 31):
 garbage-first heap   total 177152K, used 56244K [0x000000008a200000, 0x0000000100000000)
  region size 1024K, 0 young (0K), 0 survivors (0K)
 Metaspace       used 111265K, committed 112640K, reserved 1179648K
  class space    used 14360K, committed 14976K, reserved 1048576K
}
Event: 3223.766 GC heap before
{Heap before GC invocations=175 (full 31):
 garbage-first heap   total 177152K, used 137140K [0x000000008a200000, 0x0000000100000000)
  region size 1024K, 81 young (82944K), 0 survivors (0K)
 Metaspace       used 111331K, committed 112704K, reserved 1179648K
  class space    used 14373K, committed 14976K, reserved 1048576K
}
Event: 3223.772 GC heap after
{Heap after GC invocations=176 (full 31):
 garbage-first heap   total 177152K, used 62567K [0x000000008a200000, 0x0000000100000000)
  region size 1024K, 7 young (7168K), 7 survivors (7168K)
 Metaspace       used 111331K, committed 112704K, reserved 1179648K
  class space    used 14373K, committed 14976K, reserved 1048576K
}
Event: 3224.833 GC heap before
{Heap before GC invocations=177 (full 31):
 garbage-first heap   total 177152K, used 155751K [0x000000008a200000, 0x0000000100000000)
  region size 1024K, 97 young (99328K), 7 survivors (7168K)
 Metaspace       used 111722K, committed 113024K, reserved 1179648K
  class space    used 14401K, committed 14976K, reserved 1048576K
}
Event: 3224.841 GC heap after
{Heap after GC invocations=178 (full 31):
 garbage-first heap   total 177152K, used 65576K [0x000000008a200000, 0x0000000100000000)
  region size 1024K, 10 young (10240K), 10 survivors (10240K)
 Metaspace       used 111722K, committed 113024K, reserved 1179648K
  class space    used 14401K, committed 14976K, reserved 1048576K
}

