# JRE version: OpenJDK Runtime Environment Temurin-21.0.3+9 (21.0.3+9) (build 21.0.3+9-LTS)
# Java VM: OpenJDK 64-Bit Server VM Temurin-21.0.3+9 (21.0.3+9-LTS, mixed mode, emulated-client, tiered, compressed oops, compressed class ptrs, g1 gc, windows-amd64)
GC Precious Log:
 CardTable entry size: 512
 Card Set container configuration: InlinePtr #cards 5 size 8 Array Of Cards #cards 12 size 40 Howl #buckets 4 coarsen threshold 1843 Howl Bitmap #cards 512 size 80 coarsen threshold 460 Card regions per heap region 1 cards per card region 2048
 CPUs: 12 total, 12 available
 Memory: 7539M
 Large Page Support: Disabled
 NUMA Support: Disabled
 Compressed Oops: Enabled (32-bit)
 Heap Region Size: 1M
 Heap Min Capacity: 8M
 Heap Initial Capacity: 118M
 Heap Max Capacity: 1886M
 Pre-touch: Disabled
 Parallel Workers: 10
 Concurrent Workers: 3
 Concurrent Refinement Workers: 10
 Periodic GC: Disabled
Heap:
 garbage-first heap   total 167936K, used 108221K [0x000000008a200000, 0x0000000100000000)
  region size 1024K, 42 young (43008K), 6 survivors (6144K)
 Metaspace       used 119446K, committed 120832K, reserved 1179648K
  class space    used 15350K, committed 16000K, reserved 1048576K
GC Heap History (20 events):
Event: 2366.702 GC heap before
{Heap before GC invocations=167 (full 29):
 garbage-first heap   total 167936K, used 151530K [0x000000008a200000, 0x0000000100000000)
  region size 1024K, 66 young (67584K), 4 survivors (4096K)
 Metaspace       used 118134K, committed 119680K, reserved 1179648K
  class space    used 15212K, committed 15936K, reserved 1048576K
}
Event: 2366.709 GC heap after
{Heap after GC invocations=168 (full 29):
 garbage-first heap   total 167936K, used 76342K [0x000000008a200000, 0x0000000100000000)
  region size 1024K, 8 young (8192K), 8 survivors (8192K)
 Metaspace       used 118134K, committed 119680K, reserved 1179648K
  class space    used 15212K, committed 15936K, reserved 1048576K
}
Event: 2374.560 GC heap before
{Heap before GC invocations=168 (full 29):
 garbage-first heap   total 167936K, used 132662K [0x000000008a200000, 0x0000000100000000)
  region size 1024K, 64 young (65536K), 8 survivors (8192K)
 Metaspace       used 118247K, committed 119680K, reserved 1179648K
  class space    used 15236K, committed 15936K, reserved 1048576K
}
Event: 2374.646 GC heap after
{Heap after GC invocations=169 (full 30):
 garbage-first heap   total 167936K, used 55557K [0x000000008a200000, 0x0000000100000000)
  region size 1024K, 0 young (0K), 0 survivors (0K)
 Metaspace       used 118227K, committed 119680K, reserved 1179648K
  class space    used 15233K, committed 15936K, reserved 1048576K
}
Event: 2375.597 GC heap before
{Heap before GC invocations=169 (full 30):
 garbage-first heap   total 167936K, used 144645K [0x000000008a200000, 0x0000000100000000)
  region size 1024K, 88 young (90112K), 0 survivors (0K)
 Metaspace       used 118319K, committed 119744K, reserved 1179648K
  class space    used 15247K, committed 15936K, reserved 1048576K
}
Event: 2375.603 GC heap after
{Heap after GC invocations=170 (full 30):
 garbage-first heap   total 167936K, used 61892K [0x000000008a200000, 0x0000000100000000)
  region size 1024K, 7 young (7168K), 7 survivors (7168K)
 Metaspace       used 118319K, committed 119744K, reserved 1179648K
  class space    used 15247K, committed 15936K, reserved 1048576K
}
Event: 2376.494 GC heap before
{Heap before GC invocations=171 (full 30):
 garbage-first heap   total 167936K, used 148932K [0x000000008a200000, 0x0000000100000000)
  region size 1024K, 91 young (93184K), 7 survivors (7168K)
 Metaspace       used 118702K, committed 120128K, reserved 1179648K
  class space    used 15274K, committed 15936K, reserved 1048576K
}
Event: 2376.507 GC heap after
{Heap after GC invocations=172 (full 30):
 garbage-first heap   total 167936K, used 64448K [0x000000008a200000, 0x0000000100000000)
  region size 1024K, 9 young (9216K), 9 survivors (9216K)
 Metaspace       used 118702K, committed 120128K, reserved 1179648K
  class space    used 15274K, committed 15936K, reserved 1048576K
}
Event: 2381.493 GC heap before
{Heap before GC invocations=172 (full 30):
 garbage-first heap   total 167936K, used 140224K [0x000000008a200000, 0x0000000100000000)
  region size 1024K, 84 young (86016K), 9 survivors (9216K)
 Metaspace       used 118709K, committed 120128K, reserved 1179648K
  class space    used 15276K, committed 15936K, reserved 1048576K
}
Event: 2381.574 GC heap after
{Heap after GC invocations=173 (full 31):
 garbage-first heap   total 167936K, used 59852K [0x000000008a200000, 0x0000000100000000)
  region size 1024K, 0 young (0K), 0 survivors (0K)
 Metaspace       used 118704K, committed 120128K, reserved 1179648K
  class space    used 15275K, committed 15936K, reserved 1048576K
}
Event: 2382.378 GC heap before
{Heap before GC invocations=173 (full 31):
 garbage-first heap   total 167936K, used 147916K [0x000000008a200000, 0x0000000100000000)
  region size 1024K, 87 young (89088K), 0 survivors (0K)
 Metaspace       used 118798K, committed 120192K, reserved 1179648K
  class space    used 15291K, committed 15936K, reserved 1048576K
}
Event: 2382.383 GC heap after
{Heap after GC invocations=174 (full 31):
 garbage-first heap   total 167936K, used 65970K [0x000000008a200000, 0x0000000100000000)
  region size 1024K, 6 young (6144K), 6 survivors (6144K)
 Metaspace       used 118798K, committed 120192K, reserved 1179648K
  class space    used 15291K, committed 15936K, reserved 1048576K
}
Event: 2383.098 GC heap before
{Heap before GC invocations=175 (full 31):
 garbage-first heap   total 167936K, used 151986K [0x000000008a200000, 0x0000000100000000)
  region size 1024K, 88 young (90112K), 6 survivors (6144K)
 Metaspace       used 119193K, committed 120640K, reserved 1179648K
  class space    used 15322K, committed 16000K, reserved 1048576K
}
Event: 2383.104 GC heap after
{Heap after GC invocations=176 (full 31):
 garbage-first heap   total 167936K, used 68644K [0x000000008a200000, 0x0000000100000000)
  region size 1024K, 9 young (9216K), 9 survivors (9216K)
 Metaspace       used 119193K, committed 120640K, reserved 1179648K
  class space    used 15322K, committed 16000K, reserved 1048576K
}
Event: 2387.061 GC heap before
{Heap before GC invocations=176 (full 31):
 garbage-first heap   total 167936K, used 146468K [0x000000008a200000, 0x0000000100000000)
  region size 1024K, 85 young (87040K), 9 survivors (9216K)
 Metaspace       used 119205K, committed 120640K, reserved 1179648K
  class space    used 15325K, committed 16000K, reserved 1048576K
}
Event: 2387.067 GC heap after
{Heap after GC invocations=177 (full 31):
 garbage-first heap   total 167936K, used 68086K [0x000000008a200000, 0x0000000100000000)
  region size 1024K, 5 young (5120K), 5 survivors (5120K)
 Metaspace       used 119205K, committed 120640K, reserved 1179648K
  class space    used 15325K, committed 16000K, reserved 1048576K
}
Event: 2390.098 GC heap before
{Heap before GC invocations=177 (full 31):
 garbage-first heap   total 167936K, used 69110K [0x000000008a200000, 0x0000000100000000)
  region size 1024K, 7 young (7168K), 5 survivors (5120K)
 Metaspace       used 119208K, committed 120640K, reserved 1179648K
  class space    used 15325K, committed 16000K, reserved 1048576K
}
Event: 2390.181 GC heap after
{Heap after GC invocations=178 (full 32):
 garbage-first heap   total 167936K, used 64189K [0x000000008a200000, 0x0000000100000000)
  region size 1024K, 0 young (0K), 0 survivors (0K)
 Metaspace       used 119204K, committed 120640K, reserved 1179648K
  class space    used 15325K, committed 16000K, reserved 1048576K
}
Event: 2390.961 GC heap before
{Heap before GC invocations=178 (full 32):
 garbage-first heap   total 167936K, used 152253K [0x000000008a200000, 0x0000000100000000)
  region size 1024K, 86 young (88064K), 0 survivors (0K)
 Metaspace       used 119299K, committed 120704K, reserved 1179648K
  class space    used 15340K, committed 16000K, reserved 1048576K
}
Event: 2390.966 GC heap after
{Heap after GC invocations=179 (full 32):
 garbage-first heap   total 167936K, used 70333K [0x000000008a200000, 0x0000000100000000)
  region size 1024K, 6 young (6144K), 6 survivors (6144K)
 Metaspace       used 119299K, committed 120704K, reserved 1179648K
  class space    used 15340K, committed 16000K, reserved 1048576K
}

