# JRE version: OpenJDK Runtime Environment Temurin-21.0.3+9 (21.0.3+9) (build 21.0.3+9-LTS)
# Java VM: OpenJDK 64-Bit Server VM Temurin-21.0.3+9 (21.0.3+9-LTS, mixed mode, emulated-client, tiered, compressed oops, compressed class ptrs, g1 gc, windows-amd64)
GC Precious Log:
 CardTable entry size: 512
 Card Set container configuration: InlinePtr #cards 5 size 8 Array Of Cards #cards 12 size 40 Howl #buckets 4 coarsen threshold 1843 Howl Bitmap #cards 512 size 80 coarsen threshold 460 Card regions per heap region 1 cards per card region 2048
 CPUs: 12 total, 12 available
 Memory: 7539M
 Large Page Support: Disabled
 NUMA Support: Disabled
 Compressed Oops: Enabled (32-bit)
 Heap Region Size: 1M
 Heap Min Capacity: 8M
 Heap Initial Capacity: 118M
 Heap Max Capacity: 1886M
 Pre-touch: Disabled
 Parallel Workers: 10
 Concurrent Workers: 3
 Concurrent Refinement Workers: 10
 Periodic GC: Disabled
Heap:
 garbage-first heap   total 164864K, used 112799K [0x000000008a200000, 0x0000000100000000)
  region size 1024K, 52 young (53248K), 6 survivors (6144K)
 Metaspace       used 98622K, committed 99712K, reserved 1179648K
  class space    used 13353K, committed 13888K, reserved 1048576K
GC Heap History (20 events):
Event: 8284.169 GC heap before
{Heap before GC invocations=57 (full 4):
 garbage-first heap   total 137216K, used 119579K [0x000000008a200000, 0x0000000100000000)
  region size 1024K, 70 young (71680K), 6 survivors (6144K)
 Metaspace       used 97132K, committed 98048K, reserved 1179648K
  class space    used 13189K, committed 13568K, reserved 1048576K
}
Event: 8284.173 GC heap after
{Heap after GC invocations=58 (full 4):
 garbage-first heap   total 137216K, used 55903K [0x000000008a200000, 0x0000000100000000)
  region size 1024K, 4 young (4096K), 4 survivors (4096K)
 Metaspace       used 97132K, committed 98048K, reserved 1179648K
  class space    used 13189K, committed 13568K, reserved 1048576K
}
Event: 8284.675 GC heap before
{Heap before GC invocations=58 (full 4):
 garbage-first heap   total 137216K, used 120415K [0x000000008a200000, 0x0000000100000000)
  region size 1024K, 67 young (68608K), 4 survivors (4096K)
 Metaspace       used 97183K, committed 98176K, reserved 1179648K
  class space    used 13194K, committed 13632K, reserved 1048576K
}
Event: 8284.679 GC heap after
{Heap after GC invocations=59 (full 4):
 garbage-first heap   total 137216K, used 58979K [0x000000008a200000, 0x0000000100000000)
  region size 1024K, 6 young (6144K), 6 survivors (6144K)
 Metaspace       used 97183K, committed 98176K, reserved 1179648K
  class space    used 13194K, committed 13632K, reserved 1048576K
}
Event: 8300.421 GC heap before
{Heap before GC invocations=59 (full 4):
 garbage-first heap   total 137216K, used 98915K [0x000000008a200000, 0x0000000100000000)
  region size 1024K, 46 young (47104K), 6 survivors (6144K)
 Metaspace       used 97240K, committed 98304K, reserved 1179648K
  class space    used 13203K, committed 13696K, reserved 1048576K
}
Event: 8300.480 GC heap after
{Heap after GC invocations=60 (full 5):
 garbage-first heap   total 137216K, used 52372K [0x000000008a200000, 0x0000000100000000)
  region size 1024K, 0 young (0K), 0 survivors (0K)
 Metaspace       used 97237K, committed 98304K, reserved 1179648K
  class space    used 13203K, committed 13696K, reserved 1048576K
}
Event: 8301.325 GC heap before
{Heap before GC invocations=60 (full 5):
 garbage-first heap   total 137216K, used 122004K [0x000000008a200000, 0x0000000100000000)
  region size 1024K, 69 young (70656K), 0 survivors (0K)
 Metaspace       used 97298K, committed 98368K, reserved 1179648K
  class space    used 13212K, committed 13696K, reserved 1048576K
}
Event: 8301.330 GC heap after
{Heap after GC invocations=61 (full 5):
 garbage-first heap   total 137216K, used 57647K [0x000000008a200000, 0x0000000100000000)
  region size 1024K, 6 young (6144K), 6 survivors (6144K)
 Metaspace       used 97298K, committed 98368K, reserved 1179648K
  class space    used 13212K, committed 13696K, reserved 1048576K
}
Event: 8301.820 GC heap before
{Heap before GC invocations=62 (full 5):
 garbage-first heap   total 137216K, used 120111K [0x000000008a200000, 0x0000000100000000)
  region size 1024K, 66 young (67584K), 6 survivors (6144K)
 Metaspace       used 97642K, committed 98752K, reserved 1179648K
  class space    used 13238K, committed 13760K, reserved 1048576K
}
Event: 8301.825 GC heap after
{Heap after GC invocations=63 (full 5):
 garbage-first heap   total 137216K, used 60529K [0x000000008a200000, 0x0000000100000000)
  region size 1024K, 4 young (4096K), 4 survivors (4096K)
 Metaspace       used 97642K, committed 98752K, reserved 1179648K
  class space    used 13238K, committed 13760K, reserved 1048576K
}
Event: 8302.302 GC heap before
{Heap before GC invocations=63 (full 5):
 garbage-first heap   total 137216K, used 120945K [0x000000008a200000, 0x0000000100000000)
  region size 1024K, 63 young (64512K), 4 survivors (4096K)
 Metaspace       used 97692K, committed 98752K, reserved 1179648K
  class space    used 13242K, committed 13760K, reserved 1048576K
}
Event: 8302.306 GC heap after
{Heap after GC invocations=64 (full 5):
 garbage-first heap   total 137216K, used 63408K [0x000000008a200000, 0x0000000100000000)
  region size 1024K, 6 young (6144K), 6 survivors (6144K)
 Metaspace       used 97692K, committed 98752K, reserved 1179648K
  class space    used 13242K, committed 13760K, reserved 1048576K
}
Event: 8308.016 GC heap before
{Heap before GC invocations=64 (full 5):
 garbage-first heap   total 137216K, used 111536K [0x000000008a200000, 0x0000000100000000)
  region size 1024K, 54 young (55296K), 6 survivors (6144K)
 Metaspace       used 97724K, committed 98816K, reserved 1179648K
  class space    used 13245K, committed 13760K, reserved 1048576K
}
Event: 8308.077 GC heap after
{Heap after GC invocations=65 (full 6):
 garbage-first heap   total 137216K, used 56524K [0x000000008a200000, 0x0000000100000000)
  region size 1024K, 0 young (0K), 0 survivors (0K)
 Metaspace       used 97720K, committed 98816K, reserved 1179648K
  class space    used 13244K, committed 13760K, reserved 1048576K
}
Event: 8308.789 GC heap before
{Heap before GC invocations=65 (full 6):
 garbage-first heap   total 137216K, used 124108K [0x000000008a200000, 0x0000000100000000)
  region size 1024K, 67 young (68608K), 0 survivors (0K)
 Metaspace       used 97777K, committed 98880K, reserved 1179648K
  class space    used 13252K, committed 13760K, reserved 1048576K
}
Event: 8308.794 GC heap after
{Heap after GC invocations=66 (full 6):
 garbage-first heap   total 137216K, used 61938K [0x000000008a200000, 0x0000000100000000)
  region size 1024K, 6 young (6144K), 6 survivors (6144K)
 Metaspace       used 97777K, committed 98880K, reserved 1179648K
  class space    used 13252K, committed 13760K, reserved 1048576K
}
Event: 8309.266 GC heap before
{Heap before GC invocations=67 (full 6):
 garbage-first heap   total 137216K, used 120306K [0x000000008a200000, 0x0000000100000000)
  region size 1024K, 63 young (64512K), 6 survivors (6144K)
 Metaspace       used 98063K, committed 99136K, reserved 1179648K
  class space    used 13270K, committed 13760K, reserved 1048576K
}
Event: 8309.272 GC heap after
{Heap after GC invocations=68 (full 6):
 garbage-first heap   total 164864K, used 64350K [0x000000008a200000, 0x0000000100000000)
  region size 1024K, 3 young (3072K), 3 survivors (3072K)
 Metaspace       used 98063K, committed 99136K, reserved 1179648K
  class space    used 13270K, committed 13760K, reserved 1048576K
}
Event: 8309.940 GC heap before
{Heap before GC invocations=68 (full 6):
 garbage-first heap   total 164864K, used 147294K [0x000000008a200000, 0x0000000100000000)
  region size 1024K, 84 young (86016K), 3 survivors (3072K)
 Metaspace       used 98160K, committed 99200K, reserved 1179648K
  class space    used 13278K, committed 13760K, reserved 1048576K
}
Event: 8309.945 GC heap after
{Heap after GC invocations=69 (full 6):
 garbage-first heap   total 164864K, used 67743K [0x000000008a200000, 0x0000000100000000)
  region size 1024K, 6 young (6144K), 6 survivors (6144K)
 Metaspace       used 98160K, committed 99200K, reserved 1179648K
  class space    used 13278K, committed 13760K, reserved 1048576K
}

